<?xml version="1.0" encoding="UTF-8"?>
<testsuite xmlns:xsi="http://www.w3.org/2001/XMLSchema-instance" xsi:noNamespaceSchemaLocation="https://maven.apache.org/surefire/maven-surefire-plugin/xsd/surefire-test-report.xsd" version="3.0.2" name="io.quarkus.test.WslContainerTest" time="2.299" tests="1" errors="0" skipped="0" failures="0">
  <properties>
[...]
</properties>
  <testcase name="startContainerAndConnect" classname="io.quarkus.test.WslContainerTest" time="2.286">
    <system-out><![CDATA[Container available at localhost:41779
]]></system-out>
    <system-err><![CDATA[[main] DEBUG org.testcontainers.utility.TestcontainersConfiguration - Testcontainers configuration overrides will be loaded from file:/home/gsmet/.testcontainers.properties
[main] INFO org.testcontainers.images.PullPolicy - Image pull policy will be performed by: DefaultPullPolicy()
[main] INFO org.testcontainers.utility.ImageNameSubstitutor - Image name substitution will be performed by: DefaultImageNameSubstitutor (composite of 'ConfigurationFileImageNameSubstitutor' and 'PrefixingImageNameSubstitutor')
[main] INFO org.testcontainers.DockerClientFactory - Testcontainers version: 1.20.4
[main] INFO org.testcontainers.dockerclient.DockerClientProviderStrategy - Loaded org.testcontainers.dockerclient.UnixSocketClientProviderStrategy from ~/.testcontainers.properties, will try it first
[main] DEBUG org.testcontainers.dockerclient.DockerClientProviderStrategy - Trying out strategy: EnvironmentAndSystemPropertyClientProviderStrategy
[main] DEBUG org.testcontainers.shaded.com.github.dockerjava.core.command.AbstrDockerCmd - Cmd: 
[main] DEBUG com.github.dockerjava.zerodep.shaded.org.apache.hc.client5.http.impl.classic.InternalHttpClient - ex-00000001: preparing request execution
[main] DEBUG com.github.dockerjava.zerodep.shaded.org.apache.hc.client5.http.protocol.RequestAddCookies - Cookie spec selected: strict
[main] DEBUG com.github.dockerjava.zerodep.shaded.org.apache.hc.client5.http.protocol.RequestAuthCache - Auth cache not set in the context
[main] DEBUG com.github.dockerjava.zerodep.shaded.org.apache.hc.client5.http.impl.classic.ProtocolExec - ex-00000001: target auth state: UNCHALLENGED
[main] DEBUG com.github.dockerjava.zerodep.shaded.org.apache.hc.client5.http.impl.classic.ProtocolExec - ex-00000001: proxy auth state: UNCHALLENGED
[main] DEBUG com.github.dockerjava.zerodep.shaded.org.apache.hc.client5.http.impl.classic.ConnectExec - ex-00000001: acquiring connection with route {}->unix://localhost:2375
[main] DEBUG com.github.dockerjava.zerodep.shaded.org.apache.hc.client5.http.impl.classic.InternalHttpClient - ex-00000001: acquiring endpoint (3 MINUTES)
[main] DEBUG com.github.dockerjava.zerodep.shaded.org.apache.hc.client5.http.impl.io.PoolingHttpClientConnectionManager - ex-00000001: endpoint lease request (3 MINUTES) [route: {}->unix://localhost:2375][total available: 0; route allocated: 0 of 2147483647; total allocated: 0 of 2147483647]
[main] DEBUG com.github.dockerjava.zerodep.shaded.org.apache.hc.client5.http.impl.io.PoolingHttpClientConnectionManager - ex-00000001: endpoint leased [route: {}->unix://localhost:2375][total available: 0; route allocated: 1 of 2147483647; total allocated: 1 of 2147483647]
[main] DEBUG com.github.dockerjava.zerodep.shaded.org.apache.hc.client5.http.impl.io.PoolingHttpClientConnectionManager - ex-00000001: acquired ep-00000000
[main] DEBUG com.github.dockerjava.zerodep.shaded.org.apache.hc.client5.http.impl.classic.InternalHttpClient - ex-00000001: acquired endpoint ep-00000000
[main] DEBUG com.github.dockerjava.zerodep.shaded.org.apache.hc.client5.http.impl.classic.ConnectExec - ex-00000001: opening connection {}->unix://localhost:2375
[main] DEBUG com.github.dockerjava.zerodep.shaded.org.apache.hc.client5.http.impl.classic.InternalHttpClient - ep-00000000: connecting endpoint (3 MINUTES)
[main] DEBUG com.github.dockerjava.zerodep.shaded.org.apache.hc.client5.http.impl.io.PoolingHttpClientConnectionManager - ep-00000000: connecting endpoint to unix://localhost:2375 (3 MINUTES)
[main] DEBUG com.github.dockerjava.zerodep.shaded.org.apache.hc.client5.http.impl.io.DefaultHttpClientConnectionOperator - http-outgoing-0: connecting to localhost/127.0.0.1:2375
[main] DEBUG com.github.dockerjava.zerodep.shaded.org.apache.hc.client5.http.impl.io.DefaultHttpClientConnectionOperator - http-outgoing-0: connection established /run/user/1000/podman/podman.sock<->/run/user/1000/podman/podman.sock
[main] DEBUG com.github.dockerjava.zerodep.shaded.org.apache.hc.client5.http.impl.io.PoolingHttpClientConnectionManager - ep-00000000: connected http-outgoing-0
[main] DEBUG com.github.dockerjava.zerodep.shaded.org.apache.hc.client5.http.impl.classic.InternalHttpClient - ep-00000000: endpoint connected
[main] DEBUG com.github.dockerjava.zerodep.shaded.org.apache.hc.client5.http.impl.classic.MainClientExec - ex-00000001: executing GET /v1.32/info HTTP/1.1
[main] DEBUG com.github.dockerjava.zerodep.shaded.org.apache.hc.client5.http.impl.classic.InternalHttpClient - ep-00000000: start execution ex-00000001
[main] DEBUG com.github.dockerjava.zerodep.shaded.org.apache.hc.client5.http.impl.io.PoolingHttpClientConnectionManager - ep-00000000: executing exchange ex-00000001 over http-outgoing-0
[main] DEBUG com.github.dockerjava.zerodep.shaded.org.apache.hc.client5.http.headers - http-outgoing-0 >> GET /v1.32/info HTTP/1.1
[main] DEBUG com.github.dockerjava.zerodep.shaded.org.apache.hc.client5.http.headers - http-outgoing-0 >> x-tc-sid: 8c7c09ae-5961-4cc6-b32c-322c13037a3a
[main] DEBUG com.github.dockerjava.zerodep.shaded.org.apache.hc.client5.http.headers - http-outgoing-0 >> User-Agent: tc-java/1.20.4
[main] DEBUG com.github.dockerjava.zerodep.shaded.org.apache.hc.client5.http.headers - http-outgoing-0 >> Accept-Encoding: gzip, x-gzip, deflate
[main] DEBUG com.github.dockerjava.zerodep.shaded.org.apache.hc.client5.http.headers - http-outgoing-0 >> Host: localhost:2375
[main] DEBUG com.github.dockerjava.zerodep.shaded.org.apache.hc.client5.http.headers - http-outgoing-0 >> Connection: keep-alive
[main] DEBUG com.github.dockerjava.zerodep.shaded.org.apache.hc.client5.http.wire - http-outgoing-0 >> "GET /v1.32/info HTTP/1.1[\r][\n]"
[main] DEBUG com.github.dockerjava.zerodep.shaded.org.apache.hc.client5.http.wire - http-outgoing-0 >> "x-tc-sid: 8c7c09ae-5961-4cc6-b32c-322c13037a3a[\r][\n]"
[main] DEBUG com.github.dockerjava.zerodep.shaded.org.apache.hc.client5.http.wire - http-outgoing-0 >> "User-Agent: tc-java/1.20.4[\r][\n]"
[main] DEBUG com.github.dockerjava.zerodep.shaded.org.apache.hc.client5.http.wire - http-outgoing-0 >> "Accept-Encoding: gzip, x-gzip, deflate[\r][\n]"
[main] DEBUG com.github.dockerjava.zerodep.shaded.org.apache.hc.client5.http.wire - http-outgoing-0 >> "Host: localhost:2375[\r][\n]"
[main] DEBUG com.github.dockerjava.zerodep.shaded.org.apache.hc.client5.http.wire - http-outgoing-0 >> "Connection: keep-alive[\r][\n]"
[main] DEBUG com.github.dockerjava.zerodep.shaded.org.apache.hc.client5.http.wire - http-outgoing-0 >> "[\r][\n]"
[main] DEBUG com.github.dockerjava.zerodep.shaded.org.apache.hc.client5.http.wire - http-outgoing-0 << "HTTP/1.1 200 OK[\r][\n]"
[main] DEBUG com.github.dockerjava.zerodep.shaded.org.apache.hc.client5.http.wire - http-outgoing-0 << "Api-Version: 1.44[\r][\n]"
[main] DEBUG com.github.dockerjava.zerodep.shaded.org.apache.hc.client5.http.wire - http-outgoing-0 << "Content-Type: application/json[\r][\n]"
[main] DEBUG com.github.dockerjava.zerodep.shaded.org.apache.hc.client5.http.wire - http-outgoing-0 << "Libpod-Api-Version: 5.8.4[\r][\n]"
[main] DEBUG com.github.dockerjava.zerodep.shaded.org.apache.hc.client5.http.wire - http-outgoing-0 << "Server: Libpod/5.8.4 (linux)[\r][\n]"
[main] DEBUG com.github.dockerjava.zerodep.shaded.org.apache.hc.client5.http.wire - http-outgoing-0 << "X-Reference-Id: 0xc001d82028[\r][\n]"
[main] DEBUG com.github.dockerjava.zerodep.shaded.org.apache.hc.client5.http.wire - http-outgoing-0 << "Date: Wed, 29 Jul 2026 12:47:20 GMT[\r][\n]"
[main] DEBUG com.github.dockerjava.zerodep.shaded.org.apache.hc.client5.http.wire - http-outgoing-0 << "Transfer-Encoding: chunked[\r][\n]"
[main] DEBUG com.github.dockerjava.zerodep.shaded.org.apache.hc.client5.http.wire - http-outgoing-0 << "[\r][\n]"
[main] DEBUG com.github.dockerjava.zerodep.shaded.org.apache.hc.client5.http.wire - http-outgoing-0 << "800[\r][\n]"
[main] DEBUG com.github.dockerjava.zerodep.shaded.org.apache.hc.client5.http.wire - http-outgoing-0 << "{"ID":"c470332c-f1f8-409c-ba45-1fcfc9e8e7d1","Containers":5,"ContainersRunning":3,"ContainersPaused":0,"ContainersStopped":2,"Images":1721,"Driver":"overlay","DriverStatus":[["Supports volatile","true"],["Backing Filesystem","extfs"],["Supports d_type","true"],["Native Overlay Diff","true"],["Using metacopy","false"],["Supports shifting","false"]],"Plugins":{"Volume":["local"],"Network":["bridge","macvlan","ipvlan"],"Authorization":null,"Log":["k8s-file","none","passthrough","journald"]},"MemoryLimit":true,"SwapLimit":false,"CpuCfsPeriod":false,"CpuCfsQuota":false,"CPUShares":false,"CPUSet":false,"PidsLimit":true,"IPv4Forwarding":false,"Debug":false,"NFd":14,"OomKillDisable":false,"NGoroutines":15,"SystemTime":"2026-07-29T14:47:20.402335739+02:00","LoggingDriver":"","CgroupDriver":"systemd","NEventsListener":0,"KernelVersion":"7.1.3-100.fc43.x86_64","OperatingSystem":"fedora","OSVersion":"43","OSType":"linux","Architecture":"amd64","IndexServerAddress":"","RegistryConfig":{"IndexConfigs":{},"InsecureRegistryCIDRs":[],"Mirrors":[]},"NCPU":22,"MemTotal":66814521344,"GenericResources":null,"DockerRootDir":"/home/gsmet/.local/share/containers/storage","HttpProxy":"","HttpsProxy":"","NoProxy":"","Name":"gsmet.ibm.lyon","Labels":null,"ExperimentalBuild":true,"ServerVersion":"5.8.4","Runtimes":{"crun":{"path":"/usr/bin/crun"},"crun-vm":{"path":"/usr/bin/crun-vm"},"crun-wasm":{"path":"/usr/bin/crun-wasm"},"kata":{"path":"/usr/bin/kata-runtime"},"krun":{"path":"/usr/bin/krun"},"ocijail":{"path":"/usr/local/bin/ocijail"},"runc":{"path":"/usr/bin/runc"},"runj":{"path":"/usr/local/bin/runj"},"runsc":{"path":"/usr/bin/runsc"},"youki":{"path":"/usr/local/bin/youki"}},"DefaultRuntime":"crun","Swarm":{"NodeID":"","NodeAddr":"","LocalNodeState":"inactive","ControlAvailable":false,"Error":"","RemoteManagers":null},"LiveRestoreEnabled":false,"Isolation":"","InitBinary":"","ContainerdCommit":{"ID":""},"RuncCommit":{"ID":""},"InitCommit":{"ID":""},"SecurityOptions":["name=seccomp,profile=default","name=rootless","name=selinux"],"Prod[\r][\n]"
[main] DEBUG com.github.dockerjava.zerodep.shaded.org.apache.hc.client5.http.wire - http-outgoing-0 << "1d2[\r][\n]"
[main] DEBUG com.github.dockerjava.zerodep.shaded.org.apache.hc.client5.http.wire - http-outgoing-0 << "uctLicense":"Apache-2.0","DefaultAddressPools":[{"Base":"10.89.0.0/16","Size":24},{"Base":"10.90.0.0/15","Size":24},{"Base":"10.92.0.0/14","Size":24},{"Base":"10.96.0.0/11","Size":24},{"Base":"10.128.0.0/9","Size":24}],"CDISpecDirs":null,"Warnings":[],"BuildahVersion":"1.43.2","CPURealtimePeriod":false,"CPURealtimeRuntime":false,"CgroupVersion":"2","Rootless":true,"SwapFree":1805770752,"SwapTotal":8589930496,"Uptime":"221h 39m 46.00s (Approximately 9.21 days)"}[\n]"
[main] DEBUG com.github.dockerjava.zerodep.shaded.org.apache.hc.client5.http.wire - http-outgoing-0 << "[\r][\n]"
[main] DEBUG com.github.dockerjava.zerodep.shaded.org.apache.hc.client5.http.wire - http-outgoing-0 << "0[\r][\n]"
[main] DEBUG com.github.dockerjava.zerodep.shaded.org.apache.hc.client5.http.wire - http-outgoing-0 << "[\r][\n]"
[main] DEBUG com.github.dockerjava.zerodep.shaded.org.apache.hc.client5.http.headers - http-outgoing-0 << HTTP/1.1 200 OK
[main] DEBUG com.github.dockerjava.zerodep.shaded.org.apache.hc.client5.http.headers - http-outgoing-0 << Api-Version: 1.44
[main] DEBUG com.github.dockerjava.zerodep.shaded.org.apache.hc.client5.http.headers - http-outgoing-0 << Content-Type: application/json
[main] DEBUG com.github.dockerjava.zerodep.shaded.org.apache.hc.client5.http.headers - http-outgoing-0 << Libpod-Api-Version: 5.8.4
[main] DEBUG com.github.dockerjava.zerodep.shaded.org.apache.hc.client5.http.headers - http-outgoing-0 << Server: Libpod/5.8.4 (linux)
[main] DEBUG com.github.dockerjava.zerodep.shaded.org.apache.hc.client5.http.headers - http-outgoing-0 << X-Reference-Id: 0xc001d82028
[main] DEBUG com.github.dockerjava.zerodep.shaded.org.apache.hc.client5.http.headers - http-outgoing-0 << Date: Wed, 29 Jul 2026 12:47:20 GMT
[main] DEBUG com.github.dockerjava.zerodep.shaded.org.apache.hc.client5.http.headers - http-outgoing-0 << Transfer-Encoding: chunked
[main] DEBUG com.github.dockerjava.zerodep.shaded.org.apache.hc.client5.http.impl.classic.MainClientExec - ex-00000001: connection can be kept alive for 3 MINUTES
[main] DEBUG com.github.dockerjava.zerodep.shaded.org.apache.hc.client5.http.impl.classic.InternalHttpClient - ep-00000000: releasing valid endpoint
[main] DEBUG com.github.dockerjava.zerodep.shaded.org.apache.hc.client5.http.impl.io.PoolingHttpClientConnectionManager - ep-00000000: releasing endpoint
[main] DEBUG com.github.dockerjava.zerodep.shaded.org.apache.hc.client5.http.impl.io.PoolingHttpClientConnectionManager - ep-00000000: connection http-outgoing-0 can be kept alive for 3 MINUTES
[main] DEBUG com.github.dockerjava.zerodep.shaded.org.apache.hc.client5.http.impl.io.PoolingHttpClientConnectionManager - ep-00000000: connection released [route: {}->unix://localhost:2375][total available: 1; route allocated: 1 of 2147483647; total allocated: 1 of 2147483647]
[main] INFO org.testcontainers.dockerclient.DockerClientProviderStrategy - Found Docker environment with Environment variables, system properties and defaults. Resolved dockerHost=unix:///run/user/1000/podman/podman.sock
[main] DEBUG org.testcontainers.dockerclient.DockerClientProviderStrategy - Transport type: 'httpclient5', Docker host: 'unix:///run/user/1000/podman/podman.sock'
[main] DEBUG org.testcontainers.dockerclient.DockerClientProviderStrategy - Checking Docker OS type for Environment variables, system properties and defaults. Resolved dockerHost=unix:///run/user/1000/podman/podman.sock
[main] INFO org.testcontainers.DockerClientFactory - Docker host IP address is localhost
[main] DEBUG org.testcontainers.DockerClientFactory - Docker info: {CDISpecDirs=null, NGoroutines=15, BuildahVersion=1.43.2, Name=gsmet.ibm.lyon, Swarm={NodeID=, NodeAddr=, LocalNodeState=inactive, ControlAvailable=false, Error=, RemoteManagers=null}, RuncCommit={ID=}, OSVersion=43, Runtimes={crun={path=/usr/bin/crun}, crun-vm={path=/usr/bin/crun-vm}, crun-wasm={path=/usr/bin/crun-wasm}, kata={path=/usr/bin/kata-runtime}, krun={path=/usr/bin/krun}, ocijail={path=/usr/local/bin/ocijail}, runc={path=/usr/bin/runc}, runj={path=/usr/local/bin/runj}, runsc={path=/usr/bin/runsc}, youki={path=/usr/local/bin/youki}}, ID=c470332c-f1f8-409c-ba45-1fcfc9e8e7d1, DriverStatus=[[Supports volatile, true], [Backing Filesystem, extfs], [Supports d_type, true], [Native Overlay Diff, true], [Using metacopy, false], [Supports shifting, false]], LiveRestoreEnabled=false, SystemTime=2026-07-29T14:47:20.402335739+02:00, NoProxy=, Architecture=amd64, NEventsListener=0, HttpsProxy=, Images=1721, ContainersRunning=3, Labels=null, InitCommit={ID=}, NFd=14, KernelVersion=7.1.3-100.fc43.x86_64, CPURealtimeRuntime=false, LoggingDriver=, DefaultAddressPools=[{Base=10.89.0.0/16, Size=24}, {Base=10.90.0.0/15, Size=24}, {Base=10.92.0.0/14, Size=24}, {Base=10.96.0.0/11, Size=24}, {Base=10.128.0.0/9, Size=24}], OSType=linux, SecurityOptions=[name=seccomp,profile=default, name=rootless, name=selinux], ContainerdCommit={ID=}, GenericResources=null, OperatingSystem=fedora, RegistryConfig={IndexConfigs={}, InsecureRegistryCIDRs=[], Mirrors=[]}, ServerVersion=5.8.4, OomKillDisable=false, CpuCfsQuota=false, Containers=5, Driver=overlay, IPv4Forwarding=false, ExperimentalBuild=true, ProductLicense=Apache-2.0, DockerRootDir=/home/gsmet/.local/share/containers/storage, CPUSet=false, CpuCfsPeriod=false, DefaultRuntime=crun, SwapTotal=8589930496, CPUShares=false, Debug=false, NCPU=22, Plugins={Volume=[local], Network=[bridge, macvlan, ipvlan], Authorization=null, Log=[k8s-file, none, passthrough, journald]}, SwapLimit=false, CgroupDriver=systemd, Uptime=221h 39m 46.00s (Approximately 9.21 days), SwapFree=1805770752, Rootless=true, ContainersPaused=0, MemTotal=66814521344, IndexServerAddress=, MemoryLimit=true, HttpProxy=, InitBinary=, CPURealtimePeriod=false, CgroupVersion=2, PidsLimit=true, Isolation=, Warnings=[], ContainersStopped=2}
[main] DEBUG org.testcontainers.shaded.com.github.dockerjava.core.command.AbstrDockerCmd - Cmd: 
[main] DEBUG com.github.dockerjava.zerodep.shaded.org.apache.hc.client5.http.impl.classic.InternalHttpClient - ex-00000002: preparing request execution
[main] DEBUG com.github.dockerjava.zerodep.shaded.org.apache.hc.client5.http.protocol.RequestAddCookies - Cookie spec selected: strict
[main] DEBUG com.github.dockerjava.zerodep.shaded.org.apache.hc.client5.http.protocol.RequestAuthCache - Auth cache not set in the context
[main] DEBUG com.github.dockerjava.zerodep.shaded.org.apache.hc.client5.http.impl.classic.ProtocolExec - ex-00000002: target auth state: UNCHALLENGED
[main] DEBUG com.github.dockerjava.zerodep.shaded.org.apache.hc.client5.http.impl.classic.ProtocolExec - ex-00000002: proxy auth state: UNCHALLENGED
[main] DEBUG com.github.dockerjava.zerodep.shaded.org.apache.hc.client5.http.impl.classic.ConnectExec - ex-00000002: acquiring connection with route {}->unix://localhost:2375
[main] DEBUG com.github.dockerjava.zerodep.shaded.org.apache.hc.client5.http.impl.classic.InternalHttpClient - ex-00000002: acquiring endpoint (3 MINUTES)
[main] DEBUG com.github.dockerjava.zerodep.shaded.org.apache.hc.client5.http.impl.io.PoolingHttpClientConnectionManager - ex-00000002: endpoint lease request (3 MINUTES) [route: {}->unix://localhost:2375][total available: 1; route allocated: 1 of 2147483647; total allocated: 1 of 2147483647]
[main] DEBUG com.github.dockerjava.zerodep.shaded.org.apache.hc.client5.http.impl.io.PoolingHttpClientConnectionManager - ex-00000002: endpoint leased [route: {}->unix://localhost:2375][total available: 0; route allocated: 1 of 2147483647; total allocated: 1 of 2147483647]
[main] DEBUG com.github.dockerjava.zerodep.shaded.org.apache.hc.client5.http.impl.io.PoolingHttpClientConnectionManager - ex-00000002: acquired ep-00000001
[main] DEBUG com.github.dockerjava.zerodep.shaded.org.apache.hc.client5.http.impl.classic.InternalHttpClient - ex-00000002: acquired endpoint ep-00000001
[main] DEBUG com.github.dockerjava.zerodep.shaded.org.apache.hc.client5.http.impl.classic.MainClientExec - ex-00000002: executing GET /v1.32/version HTTP/1.1
[main] DEBUG com.github.dockerjava.zerodep.shaded.org.apache.hc.client5.http.impl.classic.InternalHttpClient - ep-00000001: start execution ex-00000002
[main] DEBUG com.github.dockerjava.zerodep.shaded.org.apache.hc.client5.http.impl.io.PoolingHttpClientConnectionManager - ep-00000001: executing exchange ex-00000002 over http-outgoing-0
[main] DEBUG com.github.dockerjava.zerodep.shaded.org.apache.hc.client5.http.headers - http-outgoing-0 >> GET /v1.32/version HTTP/1.1
[main] DEBUG com.github.dockerjava.zerodep.shaded.org.apache.hc.client5.http.headers - http-outgoing-0 >> accept: application/json
[main] DEBUG com.github.dockerjava.zerodep.shaded.org.apache.hc.client5.http.headers - http-outgoing-0 >> x-tc-sid: 8c7c09ae-5961-4cc6-b32c-322c13037a3a
[main] DEBUG com.github.dockerjava.zerodep.shaded.org.apache.hc.client5.http.headers - http-outgoing-0 >> User-Agent: tc-java/1.20.4
[main] DEBUG com.github.dockerjava.zerodep.shaded.org.apache.hc.client5.http.headers - http-outgoing-0 >> Accept-Encoding: gzip, x-gzip, deflate
[main] DEBUG com.github.dockerjava.zerodep.shaded.org.apache.hc.client5.http.headers - http-outgoing-0 >> Host: localhost:2375
[main] DEBUG com.github.dockerjava.zerodep.shaded.org.apache.hc.client5.http.headers - http-outgoing-0 >> Connection: keep-alive
[main] DEBUG com.github.dockerjava.zerodep.shaded.org.apache.hc.client5.http.wire - http-outgoing-0 >> "GET /v1.32/version HTTP/1.1[\r][\n]"
[main] DEBUG com.github.dockerjava.zerodep.shaded.org.apache.hc.client5.http.wire - http-outgoing-0 >> "accept: application/json[\r][\n]"
[main] DEBUG com.github.dockerjava.zerodep.shaded.org.apache.hc.client5.http.wire - http-outgoing-0 >> "x-tc-sid: 8c7c09ae-5961-4cc6-b32c-322c13037a3a[\r][\n]"
[main] DEBUG com.github.dockerjava.zerodep.shaded.org.apache.hc.client5.http.wire - http-outgoing-0 >> "User-Agent: tc-java/1.20.4[\r][\n]"
[main] DEBUG com.github.dockerjava.zerodep.shaded.org.apache.hc.client5.http.wire - http-outgoing-0 >> "Accept-Encoding: gzip, x-gzip, deflate[\r][\n]"
[main] DEBUG com.github.dockerjava.zerodep.shaded.org.apache.hc.client5.http.wire - http-outgoing-0 >> "Host: localhost:2375[\r][\n]"
[main] DEBUG com.github.dockerjava.zerodep.shaded.org.apache.hc.client5.http.wire - http-outgoing-0 >> "Connection: keep-alive[\r][\n]"
[main] DEBUG com.github.dockerjava.zerodep.shaded.org.apache.hc.client5.http.wire - http-outgoing-0 >> "[\r][\n]"
[main] DEBUG com.github.dockerjava.zerodep.shaded.org.apache.hc.client5.http.wire - http-outgoing-0 << "HTTP/1.1 200 OK[\r][\n]"
[main] DEBUG com.github.dockerjava.zerodep.shaded.org.apache.hc.client5.http.wire - http-outgoing-0 << "Api-Version: 1.44[\r][\n]"
[main] DEBUG com.github.dockerjava.zerodep.shaded.org.apache.hc.client5.http.wire - http-outgoing-0 << "Content-Type: application/json[\r][\n]"
[main] DEBUG com.github.dockerjava.zerodep.shaded.org.apache.hc.client5.http.wire - http-outgoing-0 << "Libpod-Api-Version: 5.8.4[\r][\n]"
[main] DEBUG com.github.dockerjava.zerodep.shaded.org.apache.hc.client5.http.wire - http-outgoing-0 << "Server: Libpod/5.8.4 (linux)[\r][\n]"
[main] DEBUG com.github.dockerjava.zerodep.shaded.org.apache.hc.client5.http.wire - http-outgoing-0 << "X-Reference-Id: 0xc001d82028[\r][\n]"
[main] DEBUG com.github.dockerjava.zerodep.shaded.org.apache.hc.client5.http.wire - http-outgoing-0 << "Date: Wed, 29 Jul 2026 12:47:20 GMT[\r][\n]"
[main] DEBUG com.github.dockerjava.zerodep.shaded.org.apache.hc.client5.http.wire - http-outgoing-0 << "Content-Length: 1040[\r][\n]"
[main] DEBUG com.github.dockerjava.zerodep.shaded.org.apache.hc.client5.http.wire - http-outgoing-0 << "[\r][\n]"
[main] DEBUG com.github.dockerjava.zerodep.shaded.org.apache.hc.client5.http.wire - http-outgoing-0 << "{"Platform":{"Name":"linux/amd64/fedora-43"},"Components":[{"Name":"Podman Engine","Version":"5.8.4","Details":{"APIVersion":"5.8.4","Arch":"amd64","BuildTime":"2026-06-26T02:00:00+02:00","Experimental":"false","GitCommit":"5431df23c742e5edea35bef34eed696f4db0106b","GoVersion":"go1.25.11 X:nodwarf5","KernelVersion":"7.1.3-100.fc43.x86_64","MinAPIVersion":"4.0.0","Os":"linux"}},{"Name":"Conmon","Version":"conmon version 2.2.1, commit: ","Details":{"Package":"conmon-2.2.1-2.fc43.x86_64"}},{"Name":"OCI Runtime (crun)","Version":"crun version 1.28\ncommit: 54f16ffbefcd022bf032af768b5c5ce075c18bfc\nrundir: /run/user/1000/crun\nspec: 1.0.0\n+SYSTEMD +SELINUX +APPARMOR +CAP +SECCOMP +EBPF +CRIU +LIBKRUN +WASM:wasmedge +JSON_C","Details":{"Package":"crun-1.28-1.fc43.x86_64"}}],"Version":"5.8.4","ApiVersion":"1.44","MinAPIVersion":"1.24","GitCommit":"5431df23c742e5edea35bef34eed696f4db0106b","GoVersion":"go1.25.11 X:nodwarf5","Os":"linux","Arch":"amd64","KernelVersion":"7.1.3-100.fc43.x86_64","BuildTime":"2026-06-26T02:00:00+02:00"}[\n]"
[main] DEBUG com.github.dockerjava.zerodep.shaded.org.apache.hc.client5.http.headers - http-outgoing-0 << HTTP/1.1 200 OK
[main] DEBUG com.github.dockerjava.zerodep.shaded.org.apache.hc.client5.http.headers - http-outgoing-0 << Api-Version: 1.44
[main] DEBUG com.github.dockerjava.zerodep.shaded.org.apache.hc.client5.http.headers - http-outgoing-0 << Content-Type: application/json
[main] DEBUG com.github.dockerjava.zerodep.shaded.org.apache.hc.client5.http.headers - http-outgoing-0 << Libpod-Api-Version: 5.8.4
[main] DEBUG com.github.dockerjava.zerodep.shaded.org.apache.hc.client5.http.headers - http-outgoing-0 << Server: Libpod/5.8.4 (linux)
[main] DEBUG com.github.dockerjava.zerodep.shaded.org.apache.hc.client5.http.headers - http-outgoing-0 << X-Reference-Id: 0xc001d82028
[main] DEBUG com.github.dockerjava.zerodep.shaded.org.apache.hc.client5.http.headers - http-outgoing-0 << Date: Wed, 29 Jul 2026 12:47:20 GMT
[main] DEBUG com.github.dockerjava.zerodep.shaded.org.apache.hc.client5.http.headers - http-outgoing-0 << Content-Length: 1040
[main] DEBUG com.github.dockerjava.zerodep.shaded.org.apache.hc.client5.http.impl.classic.MainClientExec - ex-00000002: connection can be kept alive for 3 MINUTES
[main] DEBUG com.github.dockerjava.zerodep.shaded.org.apache.hc.client5.http.impl.classic.InternalHttpClient - ep-00000001: releasing valid endpoint
[main] DEBUG com.github.dockerjava.zerodep.shaded.org.apache.hc.client5.http.impl.io.PoolingHttpClientConnectionManager - ep-00000001: releasing endpoint
[main] DEBUG com.github.dockerjava.zerodep.shaded.org.apache.hc.client5.http.impl.io.PoolingHttpClientConnectionManager - ep-00000001: connection http-outgoing-0 can be kept alive for 3 MINUTES
[main] DEBUG com.github.dockerjava.zerodep.shaded.org.apache.hc.client5.http.impl.io.PoolingHttpClientConnectionManager - ep-00000001: connection released [route: {}->unix://localhost:2375][total available: 1; route allocated: 1 of 2147483647; total allocated: 1 of 2147483647]
[main] DEBUG org.testcontainers.DockerClientFactory - Docker version: {Components=[{Name=Podman Engine, Version=5.8.4, Details={APIVersion=5.8.4, Arch=amd64, BuildTime=2026-06-26T02:00:00+02:00, Experimental=false, GitCommit=5431df23c742e5edea35bef34eed696f4db0106b, GoVersion=go1.25.11 X:nodwarf5, KernelVersion=7.1.3-100.fc43.x86_64, MinAPIVersion=4.0.0, Os=linux}}, {Name=Conmon, Version=conmon version 2.2.1, commit: , Details={Package=conmon-2.2.1-2.fc43.x86_64}}, {Name=OCI Runtime (crun), Version=crun version 1.28
commit: 54f16ffbefcd022bf032af768b5c5ce075c18bfc
rundir: /run/user/1000/crun
spec: 1.0.0
+SYSTEMD +SELINUX +APPARMOR +CAP +SECCOMP +EBPF +CRIU +LIBKRUN +WASM:wasmedge +JSON_C, Details={Package=crun-1.28-1.fc43.x86_64}}], KernelVersion=7.1.3-100.fc43.x86_64, ApiVersion=1.44, Platform={Name=linux/amd64/fedora-43}, GitCommit=5431df23c742e5edea35bef34eed696f4db0106b, Os=linux, Version=5.8.4, MinAPIVersion=1.24, Arch=amd64, GoVersion=go1.25.11 X:nodwarf5, BuildTime=2026-06-26T02:00:00+02:00}
[main] INFO org.testcontainers.DockerClientFactory - Connected to docker: 
  Server Version: 5.8.4
  API Version: 1.44
  Operating System: fedora
  Total Memory: 63719 MB
[main] DEBUG org.testcontainers.utility.RyukResourceReaper - Ryuk is enabled but will be started on demand
[main] DEBUG org.testcontainers.DockerClientFactory - Checks are enabled
[main] INFO org.testcontainers.DockerClientFactory - Checking the system...
[main] INFO org.testcontainers.DockerClientFactory - ✔︎ Docker server version should be at least 1.6.0
[main] DEBUG org.testcontainers.utility.PrefixingImageNameSubstitutor - No prefix is configured
[main] DEBUG org.testcontainers.utility.ImageNameSubstitutor - Did not find a substitute image for nginx:alpine (using image substitutor: DefaultImageNameSubstitutor (composite of 'ConfigurationFileImageNameSubstitutor' and 'PrefixingImageNameSubstitutor'))
[main] DEBUG org.testcontainers.shaded.com.github.dockerjava.core.command.AbstrDockerCmd - Cmd: ListImagesCmdImpl[filters=org.testcontainers.shaded.com.github.dockerjava.core.util.FiltersBuilder@0,imageNameFilter=<null>,showAll=false]
[main] DEBUG com.github.dockerjava.zerodep.shaded.org.apache.hc.client5.http.impl.classic.InternalHttpClient - ex-00000003: preparing request execution
[main] DEBUG com.github.dockerjava.zerodep.shaded.org.apache.hc.client5.http.protocol.RequestAddCookies - Cookie spec selected: strict
[main] DEBUG com.github.dockerjava.zerodep.shaded.org.apache.hc.client5.http.protocol.RequestAuthCache - Auth cache not set in the context
[main] DEBUG com.github.dockerjava.zerodep.shaded.org.apache.hc.client5.http.impl.classic.ProtocolExec - ex-00000003: target auth state: UNCHALLENGED
[main] DEBUG com.github.dockerjava.zerodep.shaded.org.apache.hc.client5.http.impl.classic.ProtocolExec - ex-00000003: proxy auth state: UNCHALLENGED
[main] DEBUG com.github.dockerjava.zerodep.shaded.org.apache.hc.client5.http.impl.classic.ConnectExec - ex-00000003: acquiring connection with route {}->unix://localhost:2375
[main] DEBUG com.github.dockerjava.zerodep.shaded.org.apache.hc.client5.http.impl.classic.InternalHttpClient - ex-00000003: acquiring endpoint (3 MINUTES)
[main] DEBUG com.github.dockerjava.zerodep.shaded.org.apache.hc.client5.http.impl.io.PoolingHttpClientConnectionManager - ex-00000003: endpoint lease request (3 MINUTES) [route: {}->unix://localhost:2375][total available: 1; route allocated: 1 of 2147483647; total allocated: 1 of 2147483647]
[main] DEBUG com.github.dockerjava.zerodep.shaded.org.apache.hc.client5.http.impl.io.PoolingHttpClientConnectionManager - ex-00000003: endpoint leased [route: {}->unix://localhost:2375][total available: 0; route allocated: 1 of 2147483647; total allocated: 1 of 2147483647]
[main] DEBUG com.github.dockerjava.zerodep.shaded.org.apache.hc.client5.http.impl.io.PoolingHttpClientConnectionManager - ex-00000003: acquired ep-00000002
[main] DEBUG com.github.dockerjava.zerodep.shaded.org.apache.hc.client5.http.impl.classic.InternalHttpClient - ex-00000003: acquired endpoint ep-00000002
[main] DEBUG com.github.dockerjava.zerodep.shaded.org.apache.hc.client5.http.impl.classic.MainClientExec - ex-00000003: executing GET /v1.32/images/json HTTP/1.1
[main] DEBUG com.github.dockerjava.zerodep.shaded.org.apache.hc.client5.http.impl.classic.InternalHttpClient - ep-00000002: start execution ex-00000003
[main] DEBUG com.github.dockerjava.zerodep.shaded.org.apache.hc.client5.http.impl.io.PoolingHttpClientConnectionManager - ep-00000002: executing exchange ex-00000003 over http-outgoing-0
[main] DEBUG com.github.dockerjava.zerodep.shaded.org.apache.hc.client5.http.headers - http-outgoing-0 >> GET /v1.32/images/json HTTP/1.1
[main] DEBUG com.github.dockerjava.zerodep.shaded.org.apache.hc.client5.http.headers - http-outgoing-0 >> accept: application/json
[main] DEBUG com.github.dockerjava.zerodep.shaded.org.apache.hc.client5.http.headers - http-outgoing-0 >> x-tc-sid: 8c7c09ae-5961-4cc6-b32c-322c13037a3a
[main] DEBUG com.github.dockerjava.zerodep.shaded.org.apache.hc.client5.http.headers - http-outgoing-0 >> User-Agent: tc-java/1.20.4
[main] DEBUG com.github.dockerjava.zerodep.shaded.org.apache.hc.client5.http.headers - http-outgoing-0 >> Accept-Encoding: gzip, x-gzip, deflate
[main] DEBUG com.github.dockerjava.zerodep.shaded.org.apache.hc.client5.http.headers - http-outgoing-0 >> Host: localhost:2375
[main] DEBUG com.github.dockerjava.zerodep.shaded.org.apache.hc.client5.http.headers - http-outgoing-0 >> Connection: keep-alive
[main] DEBUG com.github.dockerjava.zerodep.shaded.org.apache.hc.client5.http.wire - http-outgoing-0 >> "GET /v1.32/images/json HTTP/1.1[\r][\n]"
[main] DEBUG com.github.dockerjava.zerodep.shaded.org.apache.hc.client5.http.wire - http-outgoing-0 >> "accept: application/json[\r][\n]"
[main] DEBUG com.github.dockerjava.zerodep.shaded.org.apache.hc.client5.http.wire - http-outgoing-0 >> "x-tc-sid: 8c7c09ae-5961-4cc6-b32c-322c13037a3a[\r][\n]"
[main] DEBUG com.github.dockerjava.zerodep.shaded.org.apache.hc.client5.http.wire - http-outgoing-0 >> "User-Agent: tc-java/1.20.4[\r][\n]"
[main] DEBUG com.github.dockerjava.zerodep.shaded.org.apache.hc.client5.http.wire - http-outgoing-0 >> "Accept-Encoding: gzip, x-gzip, deflate[\r][\n]"
[main] DEBUG com.github.dockerjava.zerodep.shaded.org.apache.hc.client5.http.wire - http-outgoing-0 >> "Host: localhost:2375[\r][\n]"
[main] DEBUG com.github.dockerjava.zerodep.shaded.org.apache.hc.client5.http.wire - http-outgoing-0 >> "Connection: keep-alive[\r][\n]"
[main] DEBUG com.github.dockerjava.zerodep.shaded.org.apache.hc.client5.http.wire - http-outgoing-0 >> "[\r][\n]"
[main] DEBUG com.github.dockerjava.zerodep.shaded.org.apache.hc.client5.http.wire - http-outgoing-0 << "HTTP/1.1 200 OK[\r][\n]"
[main] DEBUG com.github.dockerjava.zerodep.shaded.org.apache.hc.client5.http.wire - http-outgoing-0 << "Api-Version: 1.44[\r][\n]"
[main] DEBUG com.github.dockerjava.zerodep.shaded.org.apache.hc.client5.http.wire - http-outgoing-0 << "Content-Type: application/json[\r][\n]"
[main] DEBUG com.github.dockerjava.zerodep.shaded.org.apache.hc.client5.http.wire - http-outgoing-0 << "Libpod-Api-Version: 5.8.4[\r][\n]"
[main] DEBUG com.github.dockerjava.zerodep.shaded.org.apache.hc.client5.http.wire - http-outgoing-0 << "Server: Libpod/5.8.4 (linux)[\r][\n]"
[main] DEBUG com.github.dockerjava.zerodep.shaded.org.apache.hc.client5.http.wire - http-outgoing-0 << "X-Reference-Id: 0xc001d82028[\r][\n]"
[main] DEBUG com.github.dockerjava.zerodep.shaded.org.apache.hc.client5.http.wire - http-outgoing-0 << "Date: Wed, 29 Jul 2026 12:47:21 GMT[\r][\n]"
[main] DEBUG com.github.dockerjava.zerodep.shaded.org.apache.hc.client5.http.wire - http-outgoing-0 << "Transfer-Encoding: chunked[\r][\n]"
[main] DEBUG com.github.dockerjava.zerodep.shaded.org.apache.hc.client5.http.wire - http-outgoing-0 << "[\r][\n]"
[main] DEBUG com.github.dockerjava.zerodep.shaded.org.apache.hc.client5.http.wire - http-outgoing-0 << "800[\r][\n]"
[main] DEBUG com.github.dockerjava.zerodep.shaded.org.apache.hc.client5.http.wire - http-outgoing-0 << "[{"Id":"sha256:fbd9a209d4e84eaabbd6659520fef4f00b69474cbef0cd2166666a5459a44478","ParentId":"","RepoTags":[],"RepoDigests":[],"Created":1749234467,"Size":446143256,"SharedSize":-1,"VirtualSize":446143256,"Labels":null,"Containers":6,"Dangling":true,"Digest":"sha256:6cf6142afacfa89fb28b894d6391c7dcbf6523c33178bdc33e782b3b533a9342","History":["docker.io/library/postgres:17"]},{"Id":"sha256:7e9946906eeba0255ddce4fa6602953d71fe13ca4e3c695d9730ac71ade64910","ParentId":"","RepoTags":["quay.io/keycloak/keycloak:19.0.3-legacy"],"RepoDigests":["quay.io/keycloak/keycloak@sha256:4620b91838a31688c4ff0f7db11c3665bd0ff12460ba5e3ee21f039c48172996","quay.io/keycloak/keycloak@sha256:710ffffce4a0d3e43a462446da1fac5f5cf2745e100bb62899fb1ce340f42947"],"Created":1665059019,"Size":726609031,"SharedSize":-1,"VirtualSize":726609031,"Labels":{"architecture":"x86_64","build-date":"2022-09-06T17:24:37.740294","com.redhat.build-host":"cpt-1003.osbs.prod.upshift.rdu2.redhat.com","com.redhat.component":"ubi8-minimal-container","com.redhat.license_terms":"https://www.redhat.com/en/about/red-hat-end-user-license-agreements#UBI","description":"The Universal Base Image Minimal is a stripped down image that uses microdnf as a package manager. This base image is freely redistributable, but Red Hat only supports Red Hat technologies through subscriptions for Red Hat products. This image is maintained by Red Hat and updated regularly.","distribution-scope":"public","io.k8s.description":"The Universal Base Image Minimal is a stripped down image that uses microdnf as a package manager. This base image is freely redistributable, but Red Hat only supports Red Hat technologies through subscriptions for Red Hat products. This image is maintained by Red Hat and updated regularly.","io.k8s.display-name":"Red Hat Universal Base Image 8 Minimal","io.openshift.expose-services":"","io.openshift.tags":"minimal rhel8","maintainer":"Red Hat, Inc.","name":"ubi8-minimal","org.opencontainers.image.created":"2022-10-06T12:22:55.940Z","org.opencontainers.image.descripti[\r][\n]"
[main] DEBUG com.github.dockerjava.zerodep.shaded.org.apache.hc.client5.http.wire - http-outgoing-0 << "800[\r][\n]"
[main] DEBUG com.github.dockerjava.zerodep.shaded.org.apache.hc.client5.http.wire - http-outgoing-0 << "on":"Docker image for Keycloak project","org.opencontainers.image.licenses":"NOASSERTION","org.opencontainers.image.revision":"d7bf6c6c91eff9c1995c29f6121738672c8c083d","org.opencontainers.image.source":"https://github.com/keycloak/keycloak-containers","org.opencontainers.image.title":"keycloak-containers","org.opencontainers.image.url":"https://github.com/keycloak/keycloak-containers","org.opencontainers.image.version":"19.0.3-legacy","release":"941","summary":"Provides the latest release of the minimal Red Hat Universal Base Image 8.","url":"https://access.redhat.com/containers/#/registry.access.redhat.com/ubi8-minimal/images/8.6-941","vcs-ref":"50293e4ba66ca2194d8ee5a149a665cb9a375c71","vcs-type":"git","vendor":"Red Hat, Inc.","version":"8.6"},"Containers":1,"Digest":"sha256:710ffffce4a0d3e43a462446da1fac5f5cf2745e100bb62899fb1ce340f42947","History":["quay.io/keycloak/keycloak:19.0.3-legacy"],"Names":["quay.io/keycloak/keycloak:19.0.3-legacy"]},{"Id":"sha256:5b418b2e39e6dadf4c18ce6dddd734a5cc3403af2aaf26c4f2972ac6a4ecf764","ParentId":"","RepoTags":["docker.io/chrisvel/tududi:latest"],"RepoDigests":["docker.io/chrisvel/tududi@sha256:441fb45d3d72a296738f663cb77546840db02df31ea3a4f656a5ee808a06be2e","docker.io/chrisvel/tududi@sha256:cd5314ab0d272c4f16fda1d01fb6161f923b9678df31757cdbe7cb926f00583a"],"Created":1753360602,"Size":506594233,"SharedSize":-1,"VirtualSize":506594233,"Labels":null,"Containers":4,"Digest":"sha256:441fb45d3d72a296738f663cb77546840db02df31ea3a4f656a5ee808a06be2e","History":["docker.io/chrisvel/tududi:latest"],"Names":["docker.io/chrisvel/tududi:latest"]},{"Id":"sha256:0a6f04bf369567ab2eedfc9c3c6b319e0219ec89c22e2649c7d150eebb87bd8a","ParentId":"","RepoTags":["docker.io/pgvector/pgvector:pg17"],"RepoDigests":["docker.io/pgvector/pgvector@sha256:9ae02a756ba16a2d69dd78058e25915e36e189bb36ddf01ceae86390d7ed786a","docker.io/pgvector/pgvector@sha256:9c7a4669f29c64f6113fa28bf87d11b4f5890f23c7f4ef0cec76fdb8e6003c2c"],"Created":1757034009,"Size":453088213,"SharedSize":-1,"VirtualSize":453088213,"Labe[\r][\n]"
[main] DEBUG com.github.dockerjava.zerodep.shaded.org.apache.hc.client5.http.wire - http-outgoing-0 << "93b[\r][\n]"
[main] DEBUG com.github.dockerjava.zerodep.shaded.org.apache.hc.client5.http.wire - http-outgoing-0 << "ls":null,"Containers":1,"Digest":"sha256:9ae02a756ba16a2d69dd78058e25915e36e189bb36ddf01ceae86390d7ed786a","History":["docker.io/pgvector/pgvector:pg17"],"Names":["docker.io/pgvector/pgvector:pg17"]},{"Id":"sha256:230512d18ea4d781d894f0b99156896f4bd8f3851f45e76210ef5d2ab3f73165","ParentId":"","RepoTags":["docker.io/library/postgres:latest"],"RepoDigests":["docker.io/library/postgres@sha256:88c9e9bf405f3bb1518f8281b8bfac52bed6836989a19fb33e46cb5cbcab86af","docker.io/library/postgres@sha256:b5b154cfe5bfed10a2e68f9d064ab76cebf28b4c80bedf714e6b500f839fbe9d"],"Created":1758824555,"Size":463151548,"SharedSize":-1,"VirtualSize":463151548,"Labels":null,"Containers":4,"Digest":"sha256:b5b154cfe5bfed10a2e68f9d064ab76cebf28b4c80bedf714e6b500f839fbe9d","History":["docker.io/library/postgres:latest"],"Names":["docker.io/library/postgres:latest"]},{"Id":"sha256:4a127a08802295197bb05018f8fdb08448a2e480405a81fab08d39f86fcc6b2f","ParentId":"","RepoTags":["docker.io/library/postgres:17","quay.io/rhappsvcs/postgres:17"],"RepoDigests":["docker.io/library/postgres@sha256:43735280d1873da7ac9b6e7872b09c34f6d19283fd5f42f3fc22c982fbb0c0b1","docker.io/library/postgres@sha256:ecebd237d9aaf83112427807848bc41ba6bd4df8a2f6936e09f7db1813609625","docker.io/library/postgres@sha256:f337b026cb1fb954a93f2e33a62bf9ea7fffc1dafc1586c53b93922a8d6ee018","quay.io/rhappsvcs/postgres@sha256:43735280d1873da7ac9b6e7872b09c34f6d19283fd5f42f3fc22c982fbb0c0b1","quay.io/rhappsvcs/postgres@sha256:ecebd237d9aaf83112427807848bc41ba6bd4df8a2f6936e09f7db1813609625","quay.io/rhappsvcs/postgres@sha256:f337b026cb1fb954a93f2e33a62bf9ea7fffc1dafc1586c53b93922a8d6ee018"],"Created":1763441964,"Size":460514773,"SharedSize":-1,"VirtualSize":460514773,"Labels":null,"Containers":21,"Digest":"sha256:ecebd237d9aaf83112427807848bc41ba6bd4df8a2f6936e09f7db1813609625","History":["quay.io/rhappsvcs/postgres:17","docker.io/library/postgres:17"],"Names":["docker.io/library/postgres:17","quay.io/rhappsvcs/postgres:17"]},{"Id":"sha256:9dd583c72b7c054a22f8a43bddb5b40bba914a1d570c39ac6a9ef18651584193","ParentId":"","RepoTags":["healthcheck-docker.io/mariadb:10.11"],"RepoDigests":["healthcheck-docker.io/mariadb@sha256:6d4a70283c8130b9676c34face4563afe9fb20d91e9f9af61fabb0f2d6837304"],"Created":1763729530,"Size":337194856,"SharedSize":-1,"VirtualSize":337194856,"Labels":{"io.buildah.version":"1.41.5"[\r][\n]"
[main] DEBUG com.github.dockerjava.zerodep.shaded.org.apache.hc.client5.http.wire - http-outgoing-0 << "800[\r][\n]"
[main] DEBUG com.github.dockerjava.zerodep.shaded.org.apache.hc.client5.http.wire - http-outgoing-0 << ","org.opencontainers.image.authors":"MariaDB Community","org.opencontainers.image.base.name":"docker.io/library/ubuntu:jammy","org.opencontainers.image.description":"MariaDB Database for relational SQL","org.opencontainers.image.documentation":"https://hub.docker.com/_/mariadb/","org.opencontainers.image.licenses":"GPL-2.0","org.opencontainers.image.ref.name":"ubuntu","org.opencontainers.image.source":"https://github.com/MariaDB/mariadb-docker","org.opencontainers.image.title":"MariaDB Database","org.opencontainers.image.url":"https://github.com/MariaDB/mariadb-docker","org.opencontainers.image.vendor":"MariaDB Community","org.opencontainers.image.version":"10.11.15"},"Containers":1,"Digest":"sha256:6d4a70283c8130b9676c34face4563afe9fb20d91e9f9af61fabb0f2d6837304","History":["healthcheck-docker.io/mariadb:10.11"],"Names":["healthcheck-docker.io/mariadb:10.11"]},{"Id":"sha256:ab7b48cdd7b031fb006c6b5c63e6638c4c6d7e0cb10f9a118e9e82bcfb7f1b29","ParentId":"","RepoTags":[],"RepoDigests":[],"Created":1763858582,"Size":1292610389,"SharedSize":-1,"VirtualSize":1292610389,"Labels":{"architecture":"x86_64","build-date":"2025-05-13T04:42:10","com.redhat.component":"ubi9-minimal-container","com.redhat.license_terms":"https://www.redhat.com/en/about/red-hat-end-user-license-agreements#UBI","description":"The Universal Base Image Minimal is a stripped down image that uses microdnf as a package manager. This base image is freely redistributable, but Red Hat only supports Red H"
[main] DEBUG com.github.dockerjava.zerodep.shaded.org.apache.hc.client5.http.headers - http-outgoing-0 << HTTP/1.1 200 OK
[main] DEBUG com.github.dockerjava.zerodep.shaded.org.apache.hc.client5.http.headers - http-outgoing-0 << Api-Version: 1.44
[main] DEBUG com.github.dockerjava.zerodep.shaded.org.apache.hc.client5.http.headers - http-outgoing-0 << Content-Type: application/json
[main] DEBUG com.github.dockerjava.zerodep.shaded.org.apache.hc.client5.http.headers - http-outgoing-0 << Libpod-Api-Version: 5.8.4
[main] DEBUG com.github.dockerjava.zerodep.shaded.org.apache.hc.client5.http.headers - http-outgoing-0 << Server: Libpod/5.8.4 (linux)
[main] DEBUG com.github.dockerjava.zerodep.shaded.org.apache.hc.client5.http.headers - http-outgoing-0 << X-Reference-Id: 0xc001d82028
[main] DEBUG com.github.dockerjava.zerodep.shaded.org.apache.hc.client5.http.headers - http-outgoing-0 << Date: Wed, 29 Jul 2026 12:47:21 GMT
[main] DEBUG com.github.dockerjava.zerodep.shaded.org.apache.hc.client5.http.headers - http-outgoing-0 << Transfer-Encoding: chunked
[main] DEBUG com.github.dockerjava.zerodep.shaded.org.apache.hc.client5.http.impl.classic.MainClientExec - ex-00000003: connection can be kept alive for 3 MINUTES
[main] DEBUG com.github.dockerjava.zerodep.shaded.org.apache.hc.client5.http.wire - http-outgoing-0 << "at technologies through subscriptions for Red Hat products. This image is maintained by Red Hat and updated regularly.","distribution-scope":"public","io.buildah.version":"1.39.0-dev","io.k8s.description":"Quarkus.io executable image providing the `native-image` executable.","io.k8s.display-name":"Quarkus.io executable (GraalVM Native, Mandrel distribution)","io.openshift.expose-services":"","io.openshift.tags":"executable,java,quarkus,mandrel,native","maintainer":"Quarkus Team <quarkus-dev@googlegroups.com>","name":"ubi9-minimal","release":"1747111267","su"
[main] DEBUG com.github.dockerjava.zerodep.shaded.org.apache.hc.client5.http.wire - http-outgoing-0 << "[\r][\n]"
[main] DEBUG com.github.dockerjava.zerodep.shaded.org.apache.hc.client5.http.wire - http-outgoing-0 << "800[\r][\n]"
[main] DEBUG com.github.dockerjava.zerodep.shaded.org.apache.hc.client5.http.wire - http-outgoing-0 << "mmary":"Provides the latest release of the minimal Red Hat Universal Base Image 9.","url":"https://www.redhat.com","vcs-ref":"7575d7eb45eb7f545fef31ba067dfe3d8e52c4eb","vcs-type":"git","vendor":"Red Hat, Inc.","version":"9.5"},"Containers":0,"Dangling":true,"Digest":"sha256:a4425717f489f1724a0c88d3538bb4dee0af66bf60d0fbf7e3a6b8fda49b400a","History":["quay.io/quarkus/ubi9-quarkus-mandrel-builder-image:jdk-21"]},{"Id":"sha256:cfec6c00c6e4cfbaccd285262e1ce3c66fd848921c9f8a2e2c765157c6d8738b","ParentId":"0bced72e117a2418eeffec458126f88e727301d176cc03d21557b097e5e60bb0","RepoTags":[],"RepoDigests":[],"Created":1764082037,"Size":1871599,"SharedSize":-1,"VirtualSize":1871599,"Labels":{"io.buildah.version":"1.42.0"},"Containers":0,"Dangling":true,"Digest":"sha256:f777108c06dcd8d5cc4fb9e641f190489962cb5170ffa248fbfd730ea6e7f032","History":["quay.io/quarkus/quarkus-micro-image:2.0-amd64"]},{"Id":"sha256:76d04d95f93a79446ba7746b2a37662909d8c910439dfe17ab197dd7f450616e","ParentId":"63e407c96f8df9bbcb2a48df5798dd8e2aaa55147f161bed8de367079db76da0","RepoTags":[],"RepoDigests":[],"Created":1764082045,"Size":1938159,"SharedSize":-1,"VirtualSize":1938159,"Labels":{"io.buildah.version":"1.42.0"},"Containers":0,"Dangling":true,"Digest":"sha256:26abb002a49b0e87ca3ce0d1cbad305655283fecc0e2778b9e3369b6a662cdf9","History":["quay.io/quarkus/quarkus-micro-image:2.0-arm64"]},{"Id":"sha256:ca89a6de6a5c4a58889c259791c6b758c0b20ac96962591c1d05d5c88c2950d5","ParentId":"dd1df1d4ade8be1346135e6fe4aa22d9ef2cb5c719aed225f020741d0c511da3","RepoTags":[],"RepoDigests":[],"Created":1764082050,"Size":2544879,"SharedSize":-1,"VirtualSize":2544879,"Labels":{"io.buildah.version":"1.42.0"},"Containers":1,"Dangling":true,"Digest":"sha256:f7c85c538d2cd2f55dfe662f5c70d12fcf54f8bb5126c227c52112114caee42b","History":["quay.io/quarkus/ubi9-quarkus-micro-image:2.0-amd64"]},{"Id":"sha256:0d90a3f9614c9f12c959ecc7c4a853b62abe5380c3190a36f7af9cf76029785b","ParentId":"95967f7d22debc98dd5f01dd60bba2153a47143093d81833ccc200141dd94150","RepoTags":[],"RepoDigests":[],"Cr[\r][\n]"
[main] DEBUG com.github.dockerjava.zerodep.shaded.org.apache.hc.client5.http.wire - http-outgoing-0 << "800[\r][\n]"
[main] DEBUG com.github.dockerjava.zerodep.shaded.org.apache.hc.client5.http.wire - http-outgoing-0 << "eated":1764082056,"Size":2577135,"SharedSize":-1,"VirtualSize":2577135,"Labels":{"io.buildah.version":"1.42.0"},"Containers":0,"Dangling":true,"Digest":"sha256:3baca5afb24ae749b8723b17fe95256892e9f503936d36a2c598633452ae41ad","History":["quay.io/quarkus/ubi9-quarkus-micro-image:2.0-arm64"]},{"Id":"sha256:dad269837df065f726d5663cba1aa3b17f2b8bf85acfc87200b058101a32938b","ParentId":"de5fadf58b9979a1136c8a38db5d1bedad7bf845a046cc49faa971b024a495ee","RepoTags":[],"RepoDigests":[],"Created":1764082066,"Size":2910447,"SharedSize":-1,"VirtualSize":2910447,"Labels":{"io.buildah.version":"1.42.0"},"Containers":0,"Dangling":true,"Digest":"sha256:84ebd94929ce67710605bc2b8534b47a43c30068da511601ecb8aabc87b79001","History":["quay.io/quarkus/ubi10-quarkus-micro-image:2.0-arm64"]},{"Id":"sha256:e159745ff6e3e5450cffbdeca684cc19580ab6faffa91ea2277fdd6705aed31f","ParentId":"e632476ef99b33889cd90515df1a980ddfa6de870aff863da9c9516347a02b3a","RepoTags":[],"RepoDigests":[],"Created":1764082073,"Size":2973423,"SharedSize":-1,"VirtualSize":2973423,"Labels":{"io.buildah.version":"1.42.0"},"Containers":0,"Dangling":true,"Digest":"sha256:6448a2ec529b547a6b243b5b566eae9df89ac5fee90f2bf1c0272d8c870127bd","History":["quay.io/quarkus/ubi10-quarkus-micro-image:2.0-amd64"]},{"Id":"sha256:898ab49d3e2bb1d49d32c0422a44593a94471289bcca1148e8ba8308cf803225","ParentId":"","RepoTags":[],"RepoDigests":[],"Created":1763337600,"Size":103056641,"SharedSize":-1,"VirtualSize":103056641,"Labels":null,"Containers":0,"Dangling":true,"Digest":"sha256:7cb087f19bcc175b96fbe4c2aef42ed00733a659581a80f6ebccfd8fe3185a3d","History":["docker.io/library/debian:stable-slim"]},{"Id":"sha256:04f5c9a1165cf0772e8aff868830cea06a782f34820d8ce16a1e3d7566a62aa1","ParentId":"","RepoTags":[],"RepoDigests":[],"Created":1764082078,"Size":137868,"SharedSize":-1,"VirtualSize":137868,"Labels":{"io.buildah.version":"1.42.0"},"Containers":0,"Dangling":true,"Digest":"sha256:f907ebac5e83bf1c51316409c90b201d4819c2305fb687f1c0638dc31f32d070","History":["quay.io/quarkus/quarkus-distroless-imag[\r][\n]"
[main] DEBUG com.github.dockerjava.zerodep.shaded.org.apache.hc.client5.http.wire - http-outgoing-0 << "800[\r][\n]"
[main] DEBUG com.github.dockerjava.zerodep.shaded.org.apache.hc.client5.http.wire - http-outgoing-0 << "e:2.0-arm64"]},{"Id":"sha256:7d4145f55461ec362e109f0275a2d430e219f14ea9d0c98428d5a11644ab9a08","ParentId":"","RepoTags":[],"RepoDigests":[],"Created":1763337600,"Size":81050826,"SharedSize":-1,"VirtualSize":81050826,"Labels":null,"Containers":0,"Dangling":true,"Digest":"sha256:7cb087f19bcc175b96fbe4c2aef42ed00733a659581a80f6ebccfd8fe3185a3d","History":["docker.io/library/debian:stable-slim"]},{"Id":"sha256:2b9a498e3b88ae695b2f350978e716186c5aa57dc5bccb3bad19ec6b2c4805be","ParentId":"","RepoTags":[],"RepoDigests":[],"Created":1764082081,"Size":129672,"SharedSize":-1,"VirtualSize":129672,"Labels":{"io.buildah.version":"1.42.0"},"Containers":0,"Dangling":true,"Digest":"sha256:d8205a6ad114d815f2a03d839cfec5b4630370635c00c598def6408b30a9e9ef","History":["quay.io/quarkus/quarkus-distroless-image:2.0-amd64"]},{"Id":"sha256:8384ad1a8fa920987ef25c1f248ad9031d05f14ecb5f0ffb9c6eb57707d24923","ParentId":"32ea6aff4de5378ecff9e604161411508d80ee0e153809c1f73e345c55c455be","RepoTags":["quay.io/quarkus/ubi-quarkus-mandrel-builder-image:jdk-21.0.9","quay.io/quarkus/ubi-quarkus-mandrel-builder-image:jdk-21","quay.io/quarkus/ubi-quarkus-mandrel-builder-image:23.1-jdk-21","quay.io/quarkus/ubi-quarkus-mandrel-builder-image:23.1-java21"],"RepoDigests":["quay.io/quarkus/ubi-quarkus-mandrel-builder-image@sha256:fbea403f8585febd7b4e11539b4a47e771c887d9596c36054abc93d272fb6a6b"],"Created":1764092213,"Size":1183605551,"SharedSize":-1,"VirtualSize":1183605551,"Labels":{"architecture":"x86_64","build-date":"2025-11-25T04:49:31Z","com.redhat.component":"ubi8-minimal-container","com.redhat.license_terms":"https://www.redhat.com/en/about/red-hat-end-user-license-agreements#UBI","cpe":"cpe:/a:redhat:enterprise_linux:8::appstream","description":"The Universal Base Image Minimal is a stripped down image that uses microdnf as a package manager. This base image is freely redistributable, but Red Hat only supports Red Hat technologies through subscriptions for Red Hat products. This image is maintained by Red Hat and updated regularly.","distribution-[\r][\n]"
[main] DEBUG com.github.dockerjava.zerodep.shaded.org.apache.hc.client5.http.wire - http-outgoing-0 << "800[\r][\n]"
[main] DEBUG com.github.dockerjava.zerodep.shaded.org.apache.hc.client5.http.wire - http-outgoing-0 << "scope":"public","io.buildah.version":"1.42.0","io.k8s.description":"Quarkus.io executable image providing the `native-image` executable.","io.k8s.display-name":"Quarkus.io executable (GraalVM Native, Mandrel distribution)","io.openshift.expose-services":"","io.openshift.tags":"executable,java,quarkus,mandrel,native","maintainer":"Quarkus Team <quarkus-dev@googlegroups.com>","name":"ubi8/ubi-minimal","org.opencontainers.image.revision":"041afaea65062544d1ecf3e8e74ada7f48e34a2d","release":"1764046129","summary":"Provides the latest release of the minimal Red Hat Universal Base Image 8.","url":"https://catalog.redhat.com/en/search?searchType=containers","vcs-ref":"041afaea65062544d1ecf3e8e74ada7f48e34a2d","vcs-type":"git","vendor":"Red Hat, Inc.","version":"8.10"},"Containers":0,"Digest":"sha256:fbea403f8585febd7b4e11539b4a47e771c887d9596c36054abc93d272fb6a6b","History":["quay.io/quarkus/ubi-quarkus-mandrel-builder-image:23.1-java21","quay.io/quarkus/ubi-quarkus-mandrel-builder-image:23.1-jdk-21","quay.io/quarkus/ubi-quarkus-mandrel-builder-image:jdk-21","quay.io/quarkus/ubi-quarkus-mandrel-builder-image:jdk-21.0.9","quay.io/quarkus/ubi-quarkus-mandrel-builder-image:23.1.9.0-Final-java21-amd64"],"Names":["quay.io/quarkus/ubi-quarkus-mandrel-builder-image:jdk-21.0.9","quay.io/quarkus/ubi-quarkus-mandrel-builder-image:jdk-21","quay.io/quarkus/ubi-quarkus-mandrel-builder-image:23.1-jdk-21","quay.io/quarkus/ubi-quarkus-mandrel-builder-image:23.1-java21"]},{"Id":"sha256:69d6ef227f7f14c179ece9477e3604137d73732ba1d7c966d93a478b28195002","ParentId":"0c1bd6a3acd7babc4e027d486c2641eb2db108b3344681c6b3c536c6d38528f9","RepoTags":["quay.io/quarkus/ubi-quarkus-mandrel-builder-image:jdk-25.0.1","quay.io/quarkus/ubi-quarkus-mandrel-builder-image:jdk-25","quay.io/quarkus/ubi-quarkus-mandrel-builder-image:25.0-jdk-25","quay.io/quarkus/ubi-quarkus-mandrel-builder-image:25.0-java25"],"RepoDigests":["quay.io/quarkus/ubi-quarkus-mandrel-builder-image@sha256:c7cf64c9ef0495c64d1408d21b9846ac2f10feed6020aae1a75ef"
[main] DEBUG com.github.dockerjava.zerodep.shaded.org.apache.hc.client5.http.wire - http-outgoing-0 << "041f5cc8bec"],"Created":1764[\r][\n]"
[main] DEBUG com.github.dockerjava.zerodep.shaded.org.apache.hc.client5.http.wire - http-outgoing-0 << "800[\r][\n]"
[main] DEBUG com.github.dockerjava.zerodep.shaded.org.apache.hc.client5.http.wire - http-outgoing-0 << "092521,"Size":1095278900,"SharedSize":-1,"VirtualSize":1095278900,"Labels":{"architecture":"x86_64","build-date":"2025-11-25T04:49:31Z","com.redhat.component":"ubi8-minimal-container","com.redhat.license_terms":"https://www.redhat.com/en/about/red-hat-end-user-license-agreements#UBI","cpe":"cpe:/a:redhat:enterprise_linux:8::appstream","description":"The Universal Base Image Minimal is a stripped down image that uses microdnf as a package manager. This base image is freely redistributable, but Red Hat only supports Red Hat technologies through subscriptions for Red Hat products. This image is maintained by Red Hat and updated regularly.","distribution-scope":"public","io.buildah.version":"1.42.0","io.k8s.description":"Quarkus.io executable image providing the `native-image` executable.","io.k8s.display-name":"Quarkus.io executable (GraalVM Native, Mandrel distribution)","io.openshift.expose-services":"","io.openshift.tags":"executable,java,quarkus,mandrel,native","maintainer":"Quarkus Team <quarkus-dev@googlegroups.com>","name":"ubi8/ubi-minimal","org.opencontainers.image.revision":"041afaea65062544d1ecf3e8e74ada7f48e34a2d","release":"1764046129","summary":"Provides the latest release of the minimal Red Hat Universal Base Image 8.","url":"https://catalog.redhat.com/en/search?searchType=containers","vcs-ref":"041afaea65062544d1ecf3e8e74ada7f48e34a2d","vcs-type":"git","vendor":"Red Hat, Inc.","version":"8.10"},"Containers":0,"Digest":"sha256:c7cf64c9ef0495c64d1408d21b9846ac2f10feed6020aae1a75ef041f5cc8bec","History":["quay.io/quarkus/ubi-quarkus-mandrel-builder-image:25.0-java25","quay.io/quarkus/ubi-quarkus-mandrel-builder-image:25.0-jdk-25","quay.io/quarkus/ubi-quarkus-mandrel-builder-image:jdk-25","quay.io/quarkus/ubi-quarkus-mandrel-builder-image:jdk-25.0.1","quay.io/quarkus/ubi-quarkus-mandrel-builder-image:25.0.1.0-Final-java25-amd64"],"Names":["quay.io/quarkus/ubi-quarkus-mandrel-builder-image:jdk-25.0.1","quay.io/quarkus/ubi-quarkus-mandrel-builder-image:jdk-25","quay.io/quarkus/ubi-quarkus-mandrel-builder-i[\r][\n]"
[main] DEBUG com.github.dockerjava.zerodep.shaded.org.apache.hc.client5.http.wire - http-outgoing-0 << "800[\r][\n]"
[main] DEBUG com.github.dockerjava.zerodep.shaded.org.apache.hc.client5.http.wire - http-outgoing-0 << "mage:25.0-jdk-25","quay.io/quarkus/ubi-quarkus-mandrel-builder-image:25.0-java25"]},{"Id":"sha256:0153619825c22faab995f480755e03c7777ca3f241ad1894c563dee7274b6373","ParentId":"698e6fe481347849ba27b940b6d83767e8d2d8a173ebff9e03ab08fc7185a5f2","RepoTags":["quay.io/quarkus/ubi9-quarkus-mandrel-builder-image:jdk-21.0.9","quay.io/quarkus/ubi9-quarkus-mandrel-builder-image:23.1-jdk-21","quay.io/quarkus/ubi9-quarkus-mandrel-builder-image:23.1-java21"],"RepoDigests":["quay.io/quarkus/ubi9-quarkus-mandrel-builder-image@sha256:e588e9b366330521ca40979986b8cd37053e788c6ec45980c47d0aa9d525862b"],"Created":1764092576,"Size":1274254639,"SharedSize":-1,"VirtualSize":1274254639,"Labels":{"architecture":"x86_64","build-date":"2025-11-17T06:51:01Z","com.redhat.component":"ubi9-minimal-container","com.redhat.license_terms":"https://www.redhat.com/en/about/red-hat-end-user-license-agreements#UBI","cpe":"cpe:/a:redhat:enterprise_linux:9::appstream","description":"The Universal Base Image Minimal is a stripped down image that uses microdnf as a package manager. This base image is freely redistributable, but Red Hat only supports Red Hat technologies through subscriptions for Red Hat products. This image is maintained by Red Hat and updated regularly.","distribution-scope":"public","io.buildah.version":"1.42.0","io.k8s.description":"Quarkus.io executable image providing the `native-image` executable.","io.k8s.display-name":"Quarkus.io executable (GraalVM Native, Mandrel distribution)","io.openshift.expose-services":"","io.openshift.tags":"executable,java,quarkus,mandrel,native","maintainer":"Quarkus Team <quarkus-dev@googlegroups.com>","name":"ubi9/ubi-minimal","org.opencontainers.image.revision":"f7f5876a3d86ded473c14b11d7491c2b6ddf39ce","release":"1763362218","summary":"Provides the latest release of the minimal Red Hat Universal Base Image 9.","url":"https://catalog.redhat.com/en/search?searchType=containers","vcs-ref":"f7f5876a3d86ded473c14b11d7491c2b6ddf39ce","vcs-type":"git","vendor":"Red Hat, Inc.","version":"9.7"},"Containers":0[\r][\n]"
[main] DEBUG com.github.dockerjava.zerodep.shaded.org.apache.hc.client5.http.wire - http-outgoing-0 << "800[\r][\n]"
[main] DEBUG com.github.dockerjava.zerodep.shaded.org.apache.hc.client5.http.wire - http-outgoing-0 << ","Digest":"sha256:e588e9b366330521ca40979986b8cd37053e788c6ec45980c47d0aa9d525862b","History":["quay.io/quarkus/ubi9-quarkus-mandrel-builder-image:23.1-java21","quay.io/quarkus/ubi9-quarkus-mandrel-builder-image:23.1-jdk-21","quay.io/quarkus/ubi9-quarkus-mandrel-builder-image:jdk-21","quay.io/quarkus/ubi9-quarkus-mandrel-builder-image:jdk-21.0.9","quay.io/quarkus/ubi9-quarkus-mandrel-builder-image:23.1.9.0-Final-java21-amd64"],"Names":["quay.io/quarkus/ubi9-quarkus-mandrel-builder-image:jdk-21.0.9","quay.io/quarkus/ubi9-quarkus-mandrel-builder-image:23.1-jdk-21","quay.io/quarkus/ubi9-quarkus-mandrel-builder-image:23.1-java21"]},{"Id":"sha256:f98fc73fece44e27096d35f0a9c785c7532505c543ec06d0f2e2d9c3a98397e9","ParentId":"55f8e989c15491aa8303e1dcb173e406e4660030cddd08a298e6a2da11f5d223","RepoTags":["quay.io/quarkus/ubi9-quarkus-mandrel-builder-image:jdk-25.0.1","quay.io/quarkus/ubi9-quarkus-mandrel-builder-image:25.0-jdk-25","quay.io/quarkus/ubi9-quarkus-mandrel-builder-image:25.0-java25"],"RepoDigests":["quay.io/quarkus/ubi9-quarkus-mandrel-builder-image@sha256:e698e4ff54ebb7b28f0160bd8637f20a1ab693cbe69a93ab081486711d4a3dc5"],"Created":1764092610,"Size":1185929008,"SharedSize":-1,"VirtualSize":1185929008,"Labels":{"architecture":"x86_64","build-date":"2025-11-17T06:51:01Z","com.redhat.component":"ubi9-minimal-container","com.redhat.license_terms":"https://www.redhat.com/en/about/red-hat-end-user-license-agreements#UBI","cpe":"cpe:/a:redhat:enterprise_linux:9::appstream","description":"The Universal Base Image Minimal is a stripped down image that uses microdnf as a package manager. This base image is freely redistributable, but Red Hat only supports Red Hat technologies through subscriptions for Red Hat products. This image is maintained by Red Hat and updated regularly.","distribution-scope":"public","io.buildah.version":"1.42.0","io.k8s.description":"Quarkus.io executable image providing the `native-image` executable.","io.k8s.display-name":"Quarkus.io executable (GraalVM Native, Mandrel distribution)","io.opensh[\r][\n]"
[main] DEBUG com.github.dockerjava.zerodep.shaded.org.apache.hc.client5.http.wire - http-outgoing-0 << "800[\r][\n]"
[main] DEBUG com.github.dockerjava.zerodep.shaded.org.apache.hc.client5.http.wire - http-outgoing-0 << "ift.expose-services":"","io.openshift.tags":"executable,java,quarkus,mandrel,native","maintainer":"Quarkus Team <quarkus-dev@googlegroups.com>","name":"ubi9/ubi-minimal","org.opencontainers.image.revision":"f7f5876a3d86ded473c14b11d7491c2b6ddf39ce","release":"1763362218","summary":"Provides the latest release of the minimal Red Hat Universal Base Image 9.","url":"https://catalog.redhat.com/en/search?searchType=containers","vcs-ref":"f7f5876a3d86ded473c14b11d7491c2b6ddf39ce","vcs-type":"git","vendor":"Red Hat, Inc.","version":"9.7"},"Containers":0,"Digest":"sha256:e698e4ff54ebb7b28f0160bd8637f20a1ab693cbe69a93ab081486711d4a3dc5","History":["quay.io/quarkus/ubi9-quarkus-mandrel-builder-image:25.0-java25","quay.io/quarkus/ubi9-quarkus-mandrel-builder-image:25.0-jdk-25","quay.io/quarkus/ubi9-quarkus-mandrel-builder-image:jdk-25","quay.io/quarkus/ubi9-quarkus-mandrel-builder-image:jdk-25.0.1","quay.io/quarkus/ubi9-quarkus-mandrel-builder-image:25.0.1.0-Final-java25-amd64"],"Names":["quay.io/quarkus/ubi9-quarkus-mandrel-builder-image:jdk-25.0.1","quay.io/quarkus/ubi9-quarkus-mandrel-builder-image:25.0-jdk-25","quay.io/quarkus/ubi9-quarkus-mandrel-builder-image:25.0-java25"]},{"Id":"sha256:728d08ef93e858dbc8c762dba743e29e75d73e0d2b5aefdac03d70dbd73525d6","ParentId":"","RepoTags":["registry.access.redhat.com/ubi10/ubi:latest"],"RepoDigests":["registry.access.redhat.com/ubi10/ubi@sha256:2cfda2fdd4da0bf495e218f3b42c199824b21ec62cc2b3fded0a57647d277a46","registry.access.redhat.com/ubi10/ubi@sha256:8405dd7146117f019670429f93ce044f0839f47ff81ec45bb53cf528f1f6ce11"],"Created":1763341720,"Size":218651479,"SharedSize":-1,"VirtualSize":218651479,"Labels":{"architecture":"x86_64","build-date":"2025-11-17T01:08:17Z","com.redhat.component":"ubi10-container","com.redhat.license_terms":"https://www.redhat.com/en/about/red-hat-end-user-license-agreements#UBI","cpe":"cpe:/o:redhat:enterprise_linux:10.1","description":"The Universal Base Image is designed and engineered to be the ba"
[main] DEBUG com.github.dockerjava.zerodep.shaded.org.apache.hc.client5.http.wire - http-outgoing-0 << "se layer for all of your containerized applications, mid[\r][\n]"
[main] DEBUG com.github.dockerjava.zerodep.shaded.org.apache.hc.client5.http.wire - http-outgoing-0 << "800[\r][\n]"
[main] DEBUG com.github.dockerjava.zerodep.shaded.org.apache.hc.client5.http.wire - http-outgoing-0 << "dleware and utilities. This base image is freely redistributable, but Red Hat only supports Red Hat technologies through subscriptions for Red Hat products. This image is maintained by Red Hat and updated regularly.","distribution-scope":"public","io.buildah.version":"1.41.4","io.k8s.description":"The Universal Base Image is designed and engineered to be the base layer for all of your containerized applications, middleware and utilities. This base image is freely redistributable, but Red Hat only supports Red Hat technologies through subscriptions for Red Hat products. This image is maintained by Red Hat and updated regularly.","io.k8s.display-name":"Red Hat Universal Base Image 10","io.openshift.expose-services":"","io.openshift.tags":"base rhel10","maintainer":"Red Hat, Inc.","name":"ubi10/ubi","org.opencontainers.image.revision":"955b4d62d58be3a05bc8b4202b39a6d9ea1461c7","release":"1763341459","summary":"Provides the latest release of Red Hat Universal Base Image 10.","url":"https://catalog.redhat.com/en/search?searchType=containers","vcs-ref":"955b4d62d58be3a05bc8b4202b39a6d9ea1461c7","vcs-type":"git","vendor":"Red Hat, Inc.","version":"10.1"},"Containers":0,"Digest":"sha256:8405dd7146117f019670429f93ce044f0839f47ff81ec45bb53cf528f1f6ce11","History":["registry.access.redhat.com/ubi10/ubi:latest"],"Names":["registry.access.redhat.com/ubi10/ubi:latest"]},{"Id":"sha256:68ba3c654f5ea0517bf70bf72656fceba1df7a64532c6392bb5495c7563e89d5","ParentId":"c73742a838726ad2d9ffcc88d7f9b81fa25992b5130c79f30b813d534249831c","RepoTags":[],"RepoDigests":[],"Created":1764148976,"Size":1332907639,"SharedSize":-1,"VirtualSize":1332907639,"Labels":{"architecture":"x86_64","build-date":"2025-11-17T07:00:51Z","com.redhat.component":"ubi10-minimal-container","com.redhat.license_terms":"https://www.redhat.com/en/about/red-hat-end-user-license-agreements#UBI","cpe":"cpe:/o:redhat:enterprise_linux:10.1","description":"The Universal Base Image Minimal is a stripped down image that uses microdnf as a package manager. This base image is fre[\r][\n]"
[main] DEBUG com.github.dockerjava.zerodep.shaded.org.apache.hc.client5.http.wire - http-outgoing-0 << "800[\r][\n]"
[main] DEBUG com.github.dockerjava.zerodep.shaded.org.apache.hc.client5.http.wire - http-outgoing-0 << "ely redistributable, but Red Hat only supports Red Hat technologies through subscriptions for Red Hat products. This image is maintained by Red Hat and updated regularly.","distribution-scope":"public","io.buildah.version":"1.42.0","io.k8s.description":"Quarkus.io executable image providing the `native-image` executable.","io.k8s.display-name":"Quarkus.io executable (GraalVM Native, Mandrel distribution)","io.openshift.expose-services":"","io.openshift.tags":"executable,java,quarkus,mandrel,native","maintainer":"Quarkus Team <quarkus-dev@googlegroups.com>","name":"ubi10/ubi-minimal","org.opencontainers.image.revision":"f3ce7416a648177fb2c54fd1c28cc0dab0304a68","release":"1763362715","summary":"Provides the latest release of the minimal Red Hat Universal Base Image 10.","url":"https://catalog.redhat.com/en/search?searchType=containers","vcs-ref":"f3ce7416a648177fb2c54fd1c28cc0dab0304a68","vcs-type":"git","vendor":"Red Hat, Inc.","version":"10.1"},"Containers":0,"Dangling":true,"Digest":"sha256:2985f21411304ee75e6324f93909fc813ac0006ef059883251110d216d25f898","History":["quay.io/quarkus/ubi10-quarkus-mandrel-builder-image:23.1.9.0-Final-java21-amd64","quay.io/quarkus/ubi10-quarkus-mandrel-builder-image:23.1-java21","quay.io/quarkus/ubi10-quarkus-mandrel-builder-image:23.1-jdk-21","quay.io/quarkus/ubi10-quarkus-mandrel-builder-image:jdk-21","quay.io/quarkus/ubi10-quarkus-mandrel-builder-image:jdk-21.0.9"]},{"Id":"sha256:c63ce5770d35175fa03f1f1aa29f414c9696e5dc8e5cb9e2b1602aaeaa193ad2","ParentId":"c73742a838726ad2d9ffcc88d7f9b81fa25992b5130c79f30b813d534249831c","RepoTags":["quay.io/quarkus/ubi10-quarkus-mandrel-builder-image:jdk-21.0.9","quay.io/quarkus/ubi10-quarkus-mandrel-builder-image:jdk-21","quay.io/quarkus/ubi10-quarkus-mandrel-builder-image:23.1-jdk-21","quay.io/quarkus/ubi10-quarkus-mandrel-builder-image:23.1-java21"],"RepoDigests":["quay.io/quarkus/ubi10-quarkus-mandrel-builder-image@sha256:6a56136010d1fd298ca7deaf975703179e5871c97948c47617377157a4b42bbd"],"Created":1764149196,"Size":1332907487,"SharedSize[\r][\n]"
[main] DEBUG com.github.dockerjava.zerodep.shaded.org.apache.hc.client5.http.wire - http-outgoing-0 << "800[\r][\n]"
[main] DEBUG com.github.dockerjava.zerodep.shaded.org.apache.hc.client5.http.wire - http-outgoing-0 << "":-1,"VirtualSize":1332907487,"Labels":{"architecture":"x86_64","build-date":"2025-11-17T07:00:51Z","com.redhat.component":"ubi10-minimal-container","com.redhat.license_terms":"https://www.redhat.com/en/about/red-hat-end-user-license-agreements#UBI","cpe":"cpe:/o:redhat:enterprise_linux:10.1","description":"The Universal Base Image Minimal is a stripped down image that uses microdnf as a package manager. This base image is freely redistributable, but Red Hat only supports Red Hat technologies through subscriptions for Red Hat products. This image is maintained by Red Hat and updated regularly.","distribution-scope":"public","io.buildah.version":"1.42.0","io.k8s.description":"Quarkus.io executable image providing the `native-image` executable.","io.k8s.display-name":"Quarkus.io executable (GraalVM Native, Mandrel distribution)","io.openshift.expose-services":"","io.openshift.tags":"executable,java,quarkus,mandrel,native","maintainer":"Quarkus Team <quarkus-dev@googlegroups.com>","name":"ubi10/ubi-minimal","org.opencontainers.image.revision":"f3ce7416a648177fb2c54fd1c28cc0dab0304a68","release":"1763362715","summary":"Provides the latest release of the minimal Red Hat Universal Base Image 10.","url":"https://catalog.redhat.com/en/search?searchType=containers","vcs-ref":"f3ce7416a648177fb2c54fd1c28cc0dab0304a68","vcs-type":"git","vendor":"Red Hat, Inc.","version":"10.1"},"Containers":0,"Digest":"sha256:6a56136010d1fd298ca7deaf975703179e5871c97948c47617377157a4b42bbd","History":["quay.io/quarkus/ubi10-quarkus-mandrel-builder-image:23.1-java21","quay.io/quarkus/ubi10-quarkus-mandrel-builder-image:23.1-jdk-21","quay.io/quarkus/ubi10-quarkus-mandrel-builder-image:jdk-21","quay.io/quarkus/ubi10-quarkus-mandrel-builder-image:jdk-21.0.9","quay.io/quarkus/ubi10-quarkus-mandrel-builder-image:23.1.9.0-Final-java21-amd64"],"Names":["quay.io/quarkus/ubi10-quarkus-mandrel-builder-image:jdk-21.0.9","quay.io/quarkus/ubi10-quarkus-mandrel-builder-image:jdk-21","quay.io/quarkus/ubi10-quarkus-mandrel-builder-image:23.1-jdk-21","quay.i[\r][\n]"
[main] DEBUG com.github.dockerjava.zerodep.shaded.org.apache.hc.client5.http.wire - http-outgoing-0 << "800[\r][\n]"
[main] DEBUG com.github.dockerjava.zerodep.shaded.org.apache.hc.client5.http.wire - http-outgoing-0 << "o/quarkus/ubi10-quarkus-mandrel-builder-image:23.1-java21"]},{"Id":"sha256:2b4de279b036622f28c32a31debf6ab10d5692e7c8e9c71515021f50d91ea555","ParentId":"c6dfec9a11eab5388fa80f51f9c08ac479b6bd19a5e21abdeb83bd61d310cee7","RepoTags":["quay.io/quarkus/ubi10-quarkus-mandrel-builder-image:jdk-25.0.1","quay.io/quarkus/ubi10-quarkus-mandrel-builder-image:jdk-25","quay.io/quarkus/ubi10-quarkus-mandrel-builder-image:25.0-jdk-25","quay.io/quarkus/ubi10-quarkus-mandrel-builder-image:25.0-java25"],"RepoDigests":["quay.io/quarkus/ubi10-quarkus-mandrel-builder-image@sha256:48f0d589fa9ff92dc4faada79be74108ce76a2d07de27ca52d14b888000e4769"],"Created":1764149386,"Size":1244581853,"SharedSize":-1,"VirtualSize":1244581853,"Labels":{"architecture":"x86_64","build-date":"2025-11-17T07:00:51Z","com.redhat.component":"ubi10-minimal-container","com.redhat.license_terms":"https://www.redhat.com/en/about/red-hat-end-user-license-agreements#UBI","cpe":"cpe:/o:redhat:enterprise_linux:10.1","description":"The Universal Base Image Minimal is a stripped down image that uses microdnf as a package manager. This base image is freely redistributable, but Red Hat only supports Red Hat technologies through subscriptions for Red Hat products. This image is maintained by Red Hat and updated regularly.","distribution-scope":"public","io.buildah.version":"1.42.0","io.k8s.description":"Quarkus.io executable image providing the `native-image` executable.","io.k8s.display-name":"Quarkus.io executable (GraalVM Native, Mandrel distribution)","io.openshift.expose-services":"","io.openshift.tags":"executable,java,quarkus,mandrel,native","maintainer":"Quarkus Team <quarkus-dev@googlegroups.com>","name":"ubi10/ubi-minimal","org.opencontainers.image.revision":"f3ce7416a648177fb2c54fd1c28cc0dab0304a68","release":"1763362715","summary":"Provides the latest release of the minimal Red Hat Universal Base Image 10.","url":"https://catalog.redhat.com/en/search?searchType=containers","vcs-"
[main] DEBUG com.github.dockerjava.zerodep.shaded.org.apache.hc.client5.http.wire - http-outgoing-0 << "ref":"f3ce7416a648177fb2c54fd1c28cc0dab0304a68","vcs-type":"git","vendor":"Red Hat, [\r][\n]"
[main] DEBUG com.github.dockerjava.zerodep.shaded.org.apache.hc.client5.http.wire - http-outgoing-0 << "800[\r][\n]"
[main] DEBUG com.github.dockerjava.zerodep.shaded.org.apache.hc.client5.http.wire - http-outgoing-0 << "Inc.","version":"10.1"},"Containers":1,"Digest":"sha256:48f0d589fa9ff92dc4faada79be74108ce76a2d07de27ca52d14b888000e4769","History":["quay.io/quarkus/ubi10-quarkus-mandrel-builder-image:25.0-java25","quay.io/quarkus/ubi10-quarkus-mandrel-builder-image:25.0-jdk-25","quay.io/quarkus/ubi10-quarkus-mandrel-builder-image:jdk-25","quay.io/quarkus/ubi10-quarkus-mandrel-builder-image:jdk-25.0.1","quay.io/quarkus/ubi10-quarkus-mandrel-builder-image:25.0.1.0-Final-java25-amd64"],"Names":["quay.io/quarkus/ubi10-quarkus-mandrel-builder-image:jdk-25.0.1","quay.io/quarkus/ubi10-quarkus-mandrel-builder-image:jdk-25","quay.io/quarkus/ubi10-quarkus-mandrel-builder-image:25.0-jdk-25","quay.io/quarkus/ubi10-quarkus-mandrel-builder-image:25.0-java25"]},{"Id":"sha256:8207c2a62f249e04a6b53e37469a882477469531f9f0b575702f94db31a2c192","ParentId":"a12d5a097ea9eccf21694025fdbe35a36ff64c943c3e05e3bd4bfa8440ca77ac","RepoTags":["quay.io/quarkus/ubi-quarkus-graalvmce-builder-image:jdk-25"],"RepoDigests":["quay.io/quarkus/ubi-quarkus-graalvmce-builder-image@sha256:c15e6dd6806f2614faddbb43efe65f2fae46bf3f50e723c7daba3fc9b13e68ed"],"Created":1764149875,"Size":1467161818,"SharedSize":-1,"VirtualSize":1467161818,"Labels":{"architecture":"x86_64","build-date":"2025-11-25T04:49:31Z","com.redhat.component":"ubi8-minimal-container","com.redhat.license_terms":"https://www.redhat.com/en/about/red-hat-end-user-license-agreements#UBI","cpe":"cpe:/a:redhat:enterprise_linux:8::appstream","description":"The Universal Base Image Minimal is a stripped down image that uses microdnf as a package manager. This base image is freely redistributable, but Red Hat only supports Red Hat technologies through subscriptions for Red Hat products. This image is maintained by Red Hat and updated regularly.","distribution-scope":"public","io.buildah.version":"1.42.0","io.k8s.description":"Quarkus.io executable image providing the `native-image` executable.","io.k8s.display-name":"Quarkus.io executable (GraalVM Native)","io.openshift.expose-services":"","io.openshift.tags":"ex[\r][\n]"
[main] DEBUG com.github.dockerjava.zerodep.shaded.org.apache.hc.client5.http.wire - http-outgoing-0 << "800[\r][\n]"
[main] DEBUG com.github.dockerjava.zerodep.shaded.org.apache.hc.client5.http.wire - http-outgoing-0 << "ecutable,java,quarkus,graalvm,native","maintainer":"Quarkus Team <quarkus-dev@googlegroups.com>","name":"ubi8/ubi-minimal","org.opencontainers.image.revision":"041afaea65062544d1ecf3e8e74ada7f48e34a2d","release":"1764046129","summary":"Provides the latest release of the minimal Red Hat Universal Base Image 8.","url":"https://catalog.redhat.com/en/search?searchType=containers","vcs-ref":"041afaea65062544d1ecf3e8e74ada7f48e34a2d","vcs-type":"git","vendor":"Red Hat, Inc.","version":"8.10"},"Containers":0,"Digest":"sha256:c15e6dd6806f2614faddbb43efe65f2fae46bf3f50e723c7daba3fc9b13e68ed","History":["quay.io/quarkus/ubi-quarkus-graalvmce-builder-image:jdk-25","quay.io/quarkus/ubi-quarkus-graalvmce-builder-image:jdk-25.0.1-amd64"],"Names":["quay.io/quarkus/ubi-quarkus-graalvmce-builder-image:jdk-25"]},{"Id":"sha256:f4bc41022758db3c76cc4e2b9d742e4eb3409fb2d4c49937f7d15301b9bddbd1","ParentId":"d151eff6ba8cc1d33f04e039f0c055554ed2f8459f4ef4a592fb59772da26fcd","RepoTags":["quay.io/quarkus/ubi9-quarkus-graalvmce-builder-image:jdk-25"],"RepoDigests":["quay.io/quarkus/ubi9-quarkus-graalvmce-builder-image@sha256:6b3e106fdd01141e4be47028eaad128fded0005db3bc5027bc6aec895e26a340"],"Created":1764149915,"Size":1557811929,"SharedSize":-1,"VirtualSize":1557811929,"Labels":{"architecture":"x86_64","build-date":"2025-11-17T06:51:01Z","com.redhat.component":"ubi9-minimal-container","com.redhat.license_terms":"https://www.redhat.com/en/about/red-hat-end-user-license-agreements#UBI","cpe":"cpe:/a:redhat:enterprise_linux:9::appstream","description":"The Universal Base Image Minimal is a stripped down image that uses microdnf as a package manager. This base image is freely redistributable, but Red Hat only supports Red Hat technologies through subscriptions for Red Hat products. This image is maintained by Red Hat and updated regularly.","distribution-scope":"public","io.buildah.version":"1.42.0","io.k8s.description":"Quarkus.io executable image providing the `native-image` executable.","io.k8s.display-name":"Quarkus.io executable (GraalVM N[\r][\n]"
[main] DEBUG com.github.dockerjava.zerodep.shaded.org.apache.hc.client5.http.wire - http-outgoing-0 << "800[\r][\n]"
[main] DEBUG com.github.dockerjava.zerodep.shaded.org.apache.hc.client5.http.wire - http-outgoing-0 << "ative)","io.openshift.expose-services":"","io.openshift.tags":"executable,java,quarkus,graalvm,native","maintainer":"Quarkus Team <quarkus-dev@googlegroups.com>","name":"ubi9/ubi-minimal","org.opencontainers.image.revision":"f7f5876a3d86ded473c14b11d7491c2b6ddf39ce","release":"1763362218","summary":"Provides the latest release of the minimal Red Hat Universal Base Image 9.","url":"https://catalog.redhat.com/en/search?searchType=containers","vcs-ref":"f7f5876a3d86ded473c14b11d7491c2b6ddf39ce","vcs-type":"git","vendor":"Red Hat, Inc.","version":"9.7"},"Containers":0,"Digest":"sha256:6b3e106fdd01141e4be47028eaad128fded0005db3bc5027bc6aec895e26a340","History":["quay.io/quarkus/ubi9-quarkus-graalvmce-builder-image:jdk-25","quay.io/quarkus/ubi9-quarkus-graalvmce-builder-image:jdk-25.0.1-amd64"],"Names":["quay.io/quarkus/ubi9-quarkus-graalvmce-builder-image:jdk-25"]},{"Id":"sha256:64576c60b235f6066e335ed10e7fdba49aa4566bc967a5c71a3ca277fd4fdcaa","ParentId":"94e5b1232c735b30ffd21e725eea53239559295e0f4cd009217e0d2c6cbaba10","RepoTags":["quay.io/quarkus/ubi10-quarkus-graalvmce-builder-image:jdk-25"],"RepoDigests":["quay.io/quarkus/ubi10-quarkus-graalvmce-builder-image@sha256:2b68a3d66e2d274417e7a73e62805cfe0eefb456c0de6c1455e8a7b3f9958d2e"],"Created":1764149969,"Size":1616463751,"SharedSize":-1,"VirtualSize":1616463751,"Labels":{"architecture":"x86_64","build-date":"2025-11-17T07:00:51Z","com.redhat.component":"ubi10-minimal-container","com.redhat.license_terms":"https://www.redhat.com/en/about/red-hat-end-user-license-agreements#UBI","cpe":"cpe:/o:redhat:enterprise_linux:10.1","description":"The Universal Base Image Minimal is a stripped down image that uses microdnf as a package manager. This base image is freely redistributable, but Red Hat only supports Red Hat technologies through subscriptions for Red Hat products. This image is maintained by Red Hat and updated regularly.","distribution-scope":"public","io.buildah.version":"1.42.0","io.k8s.description":"Quarkus.io executable image providing the `native-image` execut[\r][\n]"
[main] DEBUG com.github.dockerjava.zerodep.shaded.org.apache.hc.client5.http.wire - http-outgoing-0 << "800[\r][\n]"
[...]
[main] DEBUG com.github.dockerjava.zerodep.shaded.org.apache.hc.client5.http.headers - http-outgoing-1 >> User-Agent: tc-java/1.20.4
[main] DEBUG com.github.dockerjava.zerodep.shaded.org.apache.hc.client5.http.headers - http-outgoing-1 >> Accept-Encoding: gzip, x-gzip, deflate
[main] DEBUG com.github.dockerjava.zerodep.shaded.org.apache.hc.client5.http.headers - http-outgoing-1 >> Host: localhost:2375
[main] DEBUG com.github.dockerjava.zerodep.shaded.org.apache.hc.client5.http.headers - http-outgoing-1 >> Connection: keep-alive
[main] DEBUG com.github.dockerjava.zerodep.shaded.org.apache.hc.client5.http.wire - http-outgoing-1 >> "GET /v1.32/containers/85915fd8944c58271d0d2ea4334cc7701da36bf82a76aa1956db28c5f615b3ab/json HTTP/1.1[\r][\n]"
[main] DEBUG com.github.dockerjava.zerodep.shaded.org.apache.hc.client5.http.wire - http-outgoing-1 >> "accept: application/json[\r][\n]"
[main] DEBUG com.github.dockerjava.zerodep.shaded.org.apache.hc.client5.http.wire - http-outgoing-1 >> "x-tc-sid: 8c7c09ae-5961-4cc6-b32c-322c13037a3a[\r][\n]"
[main] DEBUG com.github.dockerjava.zerodep.shaded.org.apache.hc.client5.http.wire - http-outgoing-1 >> "User-Agent: tc-java/1.20.4[\r][\n]"
[main] DEBUG com.github.dockerjava.zerodep.shaded.org.apache.hc.client5.http.wire - http-outgoing-1 >> "Accept-Encoding: gzip, x-gzip, deflate[\r][\n]"
[main] DEBUG com.github.dockerjava.zerodep.shaded.org.apache.hc.client5.http.wire - http-outgoing-1 >> "Host: localhost:2375[\r][\n]"
[main] DEBUG com.github.dockerjava.zerodep.shaded.org.apache.hc.client5.http.wire - http-outgoing-1 >> "Connection: keep-alive[\r][\n]"
[main] DEBUG com.github.dockerjava.zerodep.shaded.org.apache.hc.client5.http.wire - http-outgoing-1 >> "[\r][\n]"
[main] DEBUG com.github.dockerjava.zerodep.shaded.org.apache.hc.client5.http.wire - http-outgoing-1 << "HTTP/1.1 200 OK[\r][\n]"
[main] DEBUG com.github.dockerjava.zerodep.shaded.org.apache.hc.client5.http.wire - http-outgoing-1 << "Api-Version: 1.44[\r][\n]"
[main] DEBUG com.github.dockerjava.zerodep.shaded.org.apache.hc.client5.http.wire - http-outgoing-1 << "Content-Type: application/json[\r][\n]"
[main] DEBUG com.github.dockerjava.zerodep.shaded.org.apache.hc.client5.http.wire - http-outgoing-1 << "Libpod-Api-Version: 5.8.4[\r][\n]"
[main] DEBUG com.github.dockerjava.zerodep.shaded.org.apache.hc.client5.http.wire - http-outgoing-1 << "Server: Libpod/5.8.4 (linux)[\r][\n]"
[main] DEBUG com.github.dockerjava.zerodep.shaded.org.apache.hc.client5.http.wire - http-outgoing-1 << "X-Reference-Id: 0xc0000a3ec8[\r][\n]"
[main] DEBUG com.github.dockerjava.zerodep.shaded.org.apache.hc.client5.http.wire - http-outgoing-1 << "Date: Wed, 29 Jul 2026 12:47:22 GMT[\r][\n]"
[main] DEBUG com.github.dockerjava.zerodep.shaded.org.apache.hc.client5.http.wire - http-outgoing-1 << "Transfer-Encoding: chunked[\r][\n]"
[main] DEBUG com.github.dockerjava.zerodep.shaded.org.apache.hc.client5.http.wire - http-outgoing-1 << "[\r][\n]"
[main] DEBUG com.github.dockerjava.zerodep.shaded.org.apache.hc.client5.http.wire - http-outgoing-1 << "800[\r][\n]"
[main] DEBUG com.github.dockerjava.zerodep.shaded.org.apache.hc.client5.http.wire - http-outgoing-1 << "{"Id":"85915fd8944c58271d0d2ea4334cc7701da36bf82a76aa1956db28c5f615b3ab","Created":"2026-07-29T12:47:21.79963674Z","Path":"/docker-entrypoint.sh","Args":["nginx","-g","daemon off;"],"State":{"Status":"exited","Running":false,"Paused":false,"Restarting":false,"OOMKilled":false,"Dead":false,"Pid":0,"ExitCode":137,"Error":"","StartedAt":"2026-07-29T12:47:21.980181562Z","FinishedAt":"2026-07-29T12:47:22.177847489Z"},"Image":"sha256:f0ba77f796e57c6fa89ae7f4fdad1665d6fcbd8e3f211535120542b337f9959e","ResolvConfPath":"/run/user/1000/containers/overlay-containers/85915fd8944c58271d0d2ea4334cc7701da36bf82a76aa1956db28c5f615b3ab/userdata/resolv.conf","HostnamePath":"/run/user/1000/containers/overlay-containers/85915fd8944c58271d0d2ea4334cc7701da36bf82a76aa1956db28c5f615b3ab/userdata/hostname","HostsPath":"/run/user/1000/containers/overlay-containers/85915fd8944c58271d0d2ea4334cc7701da36bf82a76aa1956db28c5f615b3ab/userdata/hosts","LogPath":"","Name":"/peaceful_carson","RestartCount":0,"Driver":"overlay","Platform":"linux","MountLabel":"system_u:object_r:container_file_t:s0:c727,c889","ProcessLabel":"system_u:system_r:container_t:s0:c727,c889","AppArmorProfile":"","ExecIDs":[],"HostConfig":{"Binds":[],"ContainerIDFile":"","LogConfig":{"Type":"journald","Config":null},"NetworkMode":"bridge","PortBindings":{"80/tcp":[{"HostIp":"0.0.0.0","HostPort":"41779"}]},"RestartPolicy":{"Name":"no","MaximumRetryCount":0},"AutoRemove":false,"VolumeDriver":"","VolumesFrom":null,"ConsoleSize":[0,0],"Annotations":{"io.container.manager":"libpod","org.opencontainers.image.stopSignal":"3","org.systemd.property.KillSignal":"3","org.systemd.property.TimeoutStopUSec":"uint64 10000000"},"CapAdd":[],"CapDrop":[],"CgroupnsMode":"private","Dns":[],"DnsOptions":[],"DnsSearch":[],"ExtraHosts":[],"GroupAdd":[],"IpcMode":"shareable","Cgroup":"","Links":null,"OomScoreAdj":200,"PidMode":"private","Privileged":false,"PublishAllPorts":false,"ReadonlyRootfs":false,"SecurityOpt":[],"UTSMode":"private","UsernsMode":"","ShmSize":65536000,"Runtime":"oci","Isolation[\r][\n]"
[main] DEBUG com.github.dockerjava.zerodep.shaded.org.apache.hc.client5.http.wire - http-outgoing-1 << "800[\r][\n]"
[main] DEBUG com.github.dockerjava.zerodep.shaded.org.apache.hc.client5.http.wire - http-outgoing-1 << "":"","CpuShares":0,"Memory":0,"NanoCpus":0,"CgroupParent":"user.slice","BlkioWeight":0,"BlkioWeightDevice":null,"BlkioDeviceReadBps":null,"BlkioDeviceWriteBps":null,"BlkioDeviceReadIOps":null,"BlkioDeviceWriteIOps":null,"CpuPeriod":0,"CpuQuota":0,"CpuRealtimePeriod":0,"CpuRealtimeRuntime":0,"CpusetCpus":"","CpusetMems":"","Devices":[],"DeviceCgroupRules":null,"DeviceRequests":null,"MemoryReservation":0,"MemorySwap":0,"MemorySwappiness":0,"OomKillDisable":false,"PidsLimit":2048,"Ulimits":[{"Name":"RLIMIT_NOFILE","Hard":524288,"Soft":524288},{"Name":"RLIMIT_NPROC","Hard":254633,"Soft":254633}],"CpuCount":0,"CpuPercent":0,"IOMaximumIOps":0,"IOMaximumBandwidth":0,"MaskedPaths":null,"ReadonlyPaths":null},"GraphDriver":{"Data":{"LowerDir":"/home/gsmet/.local/share/containers/storage/overlay/02c6a4ece66fff016a279171b543b7fcefe03c04c3084d050b6479836937a6a2/diff:/home/gsmet/.local/share/containers/storage/overlay/5c74feb6276647148e6fd35f65e8c85742912c7d5c1b0ded0da38d386d026a68/diff:/home/gsmet/.local/share/containers/storage/overlay/e078850d2d258ae3a7839aa53819f752dbc2f16659996a322ed9b99f423a0eaf/diff:/home/gsmet/.local/share/containers/storage/overlay/bfc4e490223370e559782f6fe54d8b408993174d98d663b05f15ecd16f404ae0/diff:/home/gsmet/.local/share/containers/storage/overlay/ec551fae04f0af3f2f3e753fdb9eca5012c9d0940917725f1cece22056ab1bbc/diff:/home/gsmet/.local/share/containers/storage/overlay/4bf5ad53a5bc3214f0076c88df636406575e5e07aeb8045fcd02ec3009ead5ba/diff:/home/gsmet/.local/share/containers/storage/overlay/d88e37954e20e6bebe639fd6353d0d1ffa9d9be8f679e10a85d954437a828f1b/diff:/home/gsmet/.local/share/containers/storage/overlay/34884abbe92863fce933ed7c39c0e045631af0ed86d5cc0dfbdf9fdca426ce3c/diff","MergedDir":"/home/gsmet/.local/share/containers/storage/overlay/ba57233b6c1eb15d04b310a942ef"
[main] DEBUG com.github.dockerjava.zerodep.shaded.org.apache.hc.client5.http.headers - http-outgoing-1 << HTTP/1.1 200 OK
[main] DEBUG com.github.dockerjava.zerodep.shaded.org.apache.hc.client5.http.headers - http-outgoing-1 << Api-Version: 1.44
[main] DEBUG com.github.dockerjava.zerodep.shaded.org.apache.hc.client5.http.headers - http-outgoing-1 << Content-Type: application/json
[main] DEBUG com.github.dockerjava.zerodep.shaded.org.apache.hc.client5.http.headers - http-outgoing-1 << Libpod-Api-Version: 5.8.4
[main] DEBUG com.github.dockerjava.zerodep.shaded.org.apache.hc.client5.http.headers - http-outgoing-1 << Server: Libpod/5.8.4 (linux)
[main] DEBUG com.github.dockerjava.zerodep.shaded.org.apache.hc.client5.http.headers - http-outgoing-1 << X-Reference-Id: 0xc0000a3ec8
[main] DEBUG com.github.dockerjava.zerodep.shaded.org.apache.hc.client5.http.headers - http-outgoing-1 << Date: Wed, 29 Jul 2026 12:47:22 GMT
[main] DEBUG com.github.dockerjava.zerodep.shaded.org.apache.hc.client5.http.headers - http-outgoing-1 << Transfer-Encoding: chunked
[main] DEBUG com.github.dockerjava.zerodep.shaded.org.apache.hc.client5.http.impl.classic.MainClientExec - ex-00000014: connection can be kept alive for 3 MINUTES
[main] DEBUG com.github.dockerjava.zerodep.shaded.org.apache.hc.client5.http.wire - http-outgoing-1 << "cb3fbb99feef6da88e433486b031d05181e3/merged","UpperDir":"/home/gsmet/.local/share/containers/storage/overlay/ba57233b6c1eb15d04b310a942efcb3fbb99feef6da88e433486b031d05181e3/diff","WorkDir":"/home/gsmet/.local/share/containers/storage[\r][\n]"
[main] DEBUG com.github.dockerjava.zerodep.shaded.org.apache.hc.client5.http.wire - http-outgoing-1 << "76b[\r][\n]"
[main] DEBUG com.github.dockerjava.zerodep.shaded.org.apache.hc.client5.http.wire - http-outgoing-1 << "/overlay/ba57233b6c1eb15d04b310a942efcb3fbb99feef6da88e433486b031d05181e3/work"},"Name":"overlay"},"SizeRootFs":0,"Mounts":[],"Config":{"Hostname":"85915fd8944c","Domainname":"","User":"","AttachStdin":false,"AttachStdout":false,"AttachStderr":false,"ExposedPorts":{"80/tcp":{}},"Tty":false,"OpenStdin":false,"StdinOnce":false,"Env":["container=podman","DYNPKG_RELEASE=1","NJS_VERSION=1.0.0","NJS_RELEASE=1","ACME_VERSION=0.4.1","NGINX_VERSION=1.31.3","PKG_RELEASE=1","PATH=/usr/local/sbin:/usr/local/bin:/usr/sbin:/usr/bin:/sbin:/bin","HOME=/root","HOSTNAME=85915fd8944c"],"Cmd":["nginx","-g","daemon off;"],"Image":"docker.io/library/nginx:alpine","Volumes":null,"WorkingDir":"/","Entrypoint":["/docker-entrypoint.sh"],"OnBuild":null,"Labels":{"maintainer":"NGINX Docker Maintainers <docker-maint@nginx.com>","org.testcontainers":"true","org.testcontainers.lang":"java","org.testcontainers.sessionId":"8c7c09ae-5961-4cc6-b32c-322c13037a3a","org.testcontainers.version":"1.20.4"},"StopSignal":"3","StopTimeout":10},"NetworkSettings":{"Bridge":"","SandboxID":"","SandboxKey":"/run/user/1000/netns/netns-335c3cff-51c7-319b-cd1d-05b9fe0fc811","Ports":{"80/tcp":[{"HostIp":"0.0.0.0","HostPort":"41779"}]},"HairpinMode":false,"LinkLocalIPv6Address":"","LinkLocalIPv6PrefixLen":0,"SecondaryIPAddresses":null,"SecondaryIPv6Addresses":null,"EndpointID":"","Gateway":"10.88.0.1","GlobalIPv6Address":"","GlobalIPv6PrefixLen":0,"IPAddress":"10.88.0.11","IPPrefixLen":16,"IPv6Gateway":"","MacAddress":"ee:f3:4b:7b:0b:20","Networks":{"podman":{"IPAMConfig":null,"Links":null,"Aliases":["85915fd8944c"],"MacAddress":"ee:f3:4b:7b:0b:20","DriverOpts":null,"GwPriority":0,"NetworkID":"2f259bab93aaaaa2542ba43ef33eb990d0999ee1b9924b557b7be53c0b7a1bb9","EndpointID":"","Gateway":"10.88.0.1","IPAddress":"10.88.0.11","IPPrefixLen":16,"IPv6Gateway":"","GlobalIPv6Address":"","GlobalIPv6PrefixLen":0,"DNSNames":null}}}}[\n]"
[main] DEBUG com.github.dockerjava.zerodep.shaded.org.apache.hc.client5.http.wire - http-outgoing-1 << "[\r][\n]"
[main] DEBUG com.github.dockerjava.zerodep.shaded.org.apache.hc.client5.http.wire - http-outgoing-1 << "0[\r][\n]"
[main] DEBUG com.github.dockerjava.zerodep.shaded.org.apache.hc.client5.http.wire - http-outgoing-1 << "[\r][\n]"
[main] DEBUG com.github.dockerjava.zerodep.shaded.org.apache.hc.client5.http.impl.classic.InternalHttpClient - ep-00000013: releasing valid endpoint
[main] DEBUG com.github.dockerjava.zerodep.shaded.org.apache.hc.client5.http.impl.io.PoolingHttpClientConnectionManager - ep-00000013: releasing endpoint
[main] DEBUG com.github.dockerjava.zerodep.shaded.org.apache.hc.client5.http.impl.io.PoolingHttpClientConnectionManager - ep-00000013: connection http-outgoing-1 can be kept alive for 3 MINUTES
[main] DEBUG com.github.dockerjava.zerodep.shaded.org.apache.hc.client5.http.impl.io.PoolingHttpClientConnectionManager - ep-00000013: connection released [route: {}->unix://localhost:2375][total available: 1; route allocated: 1 of 2147483647; total allocated: 1 of 2147483647]
[main] DEBUG org.testcontainers.shaded.com.github.dockerjava.core.command.AbstrDockerCmd - Cmd: 85915fd8944c58271d0d2ea4334cc7701da36bf82a76aa1956db28c5f615b3ab,true,true
[main] DEBUG com.github.dockerjava.zerodep.shaded.org.apache.hc.client5.http.impl.classic.InternalHttpClient - ex-00000015: preparing request execution
[main] DEBUG com.github.dockerjava.zerodep.shaded.org.apache.hc.client5.http.protocol.RequestAddCookies - Cookie spec selected: strict
[main] DEBUG com.github.dockerjava.zerodep.shaded.org.apache.hc.client5.http.protocol.RequestAuthCache - Auth cache not set in the context
[main] DEBUG com.github.dockerjava.zerodep.shaded.org.apache.hc.client5.http.impl.classic.ProtocolExec - ex-00000015: target auth state: UNCHALLENGED
[main] DEBUG com.github.dockerjava.zerodep.shaded.org.apache.hc.client5.http.impl.classic.ProtocolExec - ex-00000015: proxy auth state: UNCHALLENGED
[main] DEBUG com.github.dockerjava.zerodep.shaded.org.apache.hc.client5.http.impl.classic.ConnectExec - ex-00000015: acquiring connection with route {}->unix://localhost:2375
[main] DEBUG com.github.dockerjava.zerodep.shaded.org.apache.hc.client5.http.impl.classic.InternalHttpClient - ex-00000015: acquiring endpoint (3 MINUTES)
[main] DEBUG com.github.dockerjava.zerodep.shaded.org.apache.hc.client5.http.impl.io.PoolingHttpClientConnectionManager - ex-00000015: endpoint lease request (3 MINUTES) [route: {}->unix://localhost:2375][total available: 1; route allocated: 1 of 2147483647; total allocated: 1 of 2147483647]
[main] DEBUG com.github.dockerjava.zerodep.shaded.org.apache.hc.client5.http.impl.io.PoolingHttpClientConnectionManager - ex-00000015: endpoint leased [route: {}->unix://localhost:2375][total available: 0; route allocated: 1 of 2147483647; total allocated: 1 of 2147483647]
[main] DEBUG com.github.dockerjava.zerodep.shaded.org.apache.hc.client5.http.impl.io.PoolingHttpClientConnectionManager - ex-00000015: acquired ep-00000014
[main] DEBUG com.github.dockerjava.zerodep.shaded.org.apache.hc.client5.http.impl.classic.InternalHttpClient - ex-00000015: acquired endpoint ep-00000014
[main] DEBUG com.github.dockerjava.zerodep.shaded.org.apache.hc.client5.http.impl.classic.MainClientExec - ex-00000015: executing DELETE /v1.32/containers/85915fd8944c58271d0d2ea4334cc7701da36bf82a76aa1956db28c5f615b3ab?v=true&force=true HTTP/1.1
[main] DEBUG com.github.dockerjava.zerodep.shaded.org.apache.hc.client5.http.impl.classic.InternalHttpClient - ep-00000014: start execution ex-00000015
[main] DEBUG com.github.dockerjava.zerodep.shaded.org.apache.hc.client5.http.impl.io.PoolingHttpClientConnectionManager - ep-00000014: executing exchange ex-00000015 over http-outgoing-1
[main] DEBUG com.github.dockerjava.zerodep.shaded.org.apache.hc.client5.http.headers - http-outgoing-1 >> DELETE /v1.32/containers/85915fd8944c58271d0d2ea4334cc7701da36bf82a76aa1956db28c5f615b3ab?v=true&force=true HTTP/1.1
[main] DEBUG com.github.dockerjava.zerodep.shaded.org.apache.hc.client5.http.headers - http-outgoing-1 >> accept: application/json
[main] DEBUG com.github.dockerjava.zerodep.shaded.org.apache.hc.client5.http.headers - http-outgoing-1 >> x-tc-sid: 8c7c09ae-5961-4cc6-b32c-322c13037a3a
[main] DEBUG com.github.dockerjava.zerodep.shaded.org.apache.hc.client5.http.headers - http-outgoing-1 >> User-Agent: tc-java/1.20.4
[main] DEBUG com.github.dockerjava.zerodep.shaded.org.apache.hc.client5.http.headers - http-outgoing-1 >> Accept-Encoding: gzip, x-gzip, deflate
[main] DEBUG com.github.dockerjava.zerodep.shaded.org.apache.hc.client5.http.headers - http-outgoing-1 >> Host: localhost:2375
[main] DEBUG com.github.dockerjava.zerodep.shaded.org.apache.hc.client5.http.headers - http-outgoing-1 >> Connection: keep-alive
[main] DEBUG com.github.dockerjava.zerodep.shaded.org.apache.hc.client5.http.wire - http-outgoing-1 >> "DELETE /v1.32/containers/85915fd8944c58271d0d2ea4334cc7701da36bf82a76aa1956db28c5f615b3ab?v=true&force=true HTTP/1.1[\r][\n]"
[main] DEBUG com.github.dockerjava.zerodep.shaded.org.apache.hc.client5.http.wire - http-outgoing-1 >> "accept: application/json[\r][\n]"
[main] DEBUG com.github.dockerjava.zerodep.shaded.org.apache.hc.client5.http.wire - http-outgoing-1 >> "x-tc-sid: 8c7c09ae-5961-4cc6-b32c-322c13037a3a[\r][\n]"
[main] DEBUG com.github.dockerjava.zerodep.shaded.org.apache.hc.client5.http.wire - http-outgoing-1 >> "User-Agent: tc-java/1.20.4[\r][\n]"
[main] DEBUG com.github.dockerjava.zerodep.shaded.org.apache.hc.client5.http.wire - http-outgoing-1 >> "Accept-Encoding: gzip, x-gzip, deflate[\r][\n]"
[main] DEBUG com.github.dockerjava.zerodep.shaded.org.apache.hc.client5.http.wire - http-outgoing-1 >> "Host: localhost:2375[\r][\n]"
[main] DEBUG com.github.dockerjava.zerodep.shaded.org.apache.hc.client5.http.wire - http-outgoing-1 >> "Connection: keep-alive[\r][\n]"
[main] DEBUG com.github.dockerjava.zerodep.shaded.org.apache.hc.client5.http.wire - http-outgoing-1 >> "[\r][\n]"
[main] DEBUG com.github.dockerjava.zerodep.shaded.org.apache.hc.client5.http.wire - http-outgoing-1 << "HTTP/1.1 204 No Content[\r][\n]"
[main] DEBUG com.github.dockerjava.zerodep.shaded.org.apache.hc.client5.http.wire - http-outgoing-1 << "Api-Version: 1.44[\r][\n]"
[main] DEBUG com.github.dockerjava.zerodep.shaded.org.apache.hc.client5.http.wire - http-outgoing-1 << "Libpod-Api-Version: 5.8.4[\r][\n]"
[main] DEBUG com.github.dockerjava.zerodep.shaded.org.apache.hc.client5.http.wire - http-outgoing-1 << "Server: Libpod/5.8.4 (linux)[\r][\n]"
[main] DEBUG com.github.dockerjava.zerodep.shaded.org.apache.hc.client5.http.wire - http-outgoing-1 << "X-Reference-Id: 0xc0000a3ec8[\r][\n]"
[main] DEBUG com.github.dockerjava.zerodep.shaded.org.apache.hc.client5.http.wire - http-outgoing-1 << "Date: Wed, 29 Jul 2026 12:47:22 GMT[\r][\n]"
[main] DEBUG com.github.dockerjava.zerodep.shaded.org.apache.hc.client5.http.wire - http-outgoing-1 << "[\r][\n]"
[main] DEBUG com.github.dockerjava.zerodep.shaded.org.apache.hc.client5.http.headers - http-outgoing-1 << HTTP/1.1 204 No Content
[main] DEBUG com.github.dockerjava.zerodep.shaded.org.apache.hc.client5.http.headers - http-outgoing-1 << Api-Version: 1.44
[main] DEBUG com.github.dockerjava.zerodep.shaded.org.apache.hc.client5.http.headers - http-outgoing-1 << Libpod-Api-Version: 5.8.4
[main] DEBUG com.github.dockerjava.zerodep.shaded.org.apache.hc.client5.http.headers - http-outgoing-1 << Server: Libpod/5.8.4 (linux)
[main] DEBUG com.github.dockerjava.zerodep.shaded.org.apache.hc.client5.http.headers - http-outgoing-1 << X-Reference-Id: 0xc0000a3ec8
[main] DEBUG com.github.dockerjava.zerodep.shaded.org.apache.hc.client5.http.headers - http-outgoing-1 << Date: Wed, 29 Jul 2026 12:47:22 GMT
[main] DEBUG com.github.dockerjava.zerodep.shaded.org.apache.hc.client5.http.impl.classic.MainClientExec - ex-00000015: connection can be kept alive for 3 MINUTES
[main] DEBUG com.github.dockerjava.zerodep.shaded.org.apache.hc.client5.http.impl.classic.InternalHttpClient - ep-00000014: releasing valid endpoint
[main] DEBUG com.github.dockerjava.zerodep.shaded.org.apache.hc.client5.http.impl.io.PoolingHttpClientConnectionManager - ep-00000014: releasing endpoint
[main] DEBUG com.github.dockerjava.zerodep.shaded.org.apache.hc.client5.http.impl.io.PoolingHttpClientConnectionManager - ep-00000014: connection http-outgoing-1 can be kept alive for 3 MINUTES
[main] DEBUG com.github.dockerjava.zerodep.shaded.org.apache.hc.client5.http.impl.io.PoolingHttpClientConnectionManager - ep-00000014: connection released [route: {}->unix://localhost:2375][total available: 1; route allocated: 1 of 2147483647; total allocated: 1 of 2147483647]
[main] DEBUG org.testcontainers.utility.ResourceReaper - Removed container and associated volume(s): nginx:alpine
]]></system-err>
  </testcase>
</testsuite>